#
# A fatal error has been detected by the Java Runtime Environment:
#
#  SIGSEGV (0xb) at pc=0x00007fe048de11df, pid=287288, tid=287343
#
# JRE version: OpenJDK Runtime Environment (17.0.9+9) (build 17.0.9+9-Ubuntu-123.10)
# Java VM: OpenJDK 64-Bit Server VM (17.0.9+9-Ubuntu-123.10, mixed mode, sharing, tiered, compressed oops, compressed class ptrs, g1 gc, linux-amd64)
# Problematic frame:
# C  [temp-SharpenLib8993532377525971369+0xa1df]  sharpenImage(std::vector<std::vector<Pixel, std::allocator<Pixel> >, std::allocator<std::vector<Pixel, std::allocator<Pixel> > > >&, float)+0x3c6
#
# Core dump will be written. Default location: Core dumps may be processed with "/usr/share/apport/apport -p%p -s%s -c%c -d%d -P%P -u%u -g%g -- %E" (or dumping to /home/dyuthi/prog2/P2-Image-Effects-Project/ImageEffectBackend/core.287288)
#
# If you would like to submit a bug report, please visit:
#   Unknown
# The crash happened outside the Java Virtual Machine in native code.
# See problematic frame for where to report the bug.
#

---------------  S U M M A R Y ------------

Command Line: target/imageEffectApplication-0.0.1-SNAPSHOT.jar

Host: 11th Gen Intel(R) Core(TM) i7-1165G7 @ 2.80GHz, 8 cores, 15G, Ubuntu 23.10
Time: Sun Dec 31 13:07:42 2023 IST elapsed time: 4.007435 seconds (0d 0h 0m 4s)

---------------  T H R E A D  ---------------

Current thread (0x00007fe0448c3120):  JavaThread "http-nio-8000-exec-1" daemon [_thread_in_native, id=287343, stack(0x00007fe0245a7000,0x00007fe0246a7000)]

Stack: [0x00007fe0245a7000,0x00007fe0246a7000],  sp=0x00007fe0246a3990,  free space=1010k
Native frames: (J=compiled Java code, j=interpreted, Vv=VM code, C=native code)
C  [temp-SharpenLib8993532377525971369+0xa1df]  sharpenImage(std::vector<std::vector<Pixel, std::allocator<Pixel> >, std::allocator<std::vector<Pixel, std::allocator<Pixel> > > >&, float)+0x3c6
C  [temp-SharpenLib8993532377525971369+0xd659]  Java_com_iiitb_imageEffectApplication_libraryInterfaces_SharpenInterface_applySharpen+0x2dd
j  com.iiitb.imageEffectApplication.libraryInterfaces.SharpenInterface.applySharpen([[Lcom/iiitb/imageEffectApplication/libraryInterfaces/Pixel;F)[[Lcom/iiitb/imageEffectApplication/libraryInterfaces/Pixel;+0
j  com.iiitb.imageEffectApplication.effectImplementation.SharpenEffect.apply([[Lcom/iiitb/imageEffectApplication/libraryInterfaces/Pixel;Ljava/lang/String;Lcom/iiitb/imageEffectApplication/service/LoggingService;)[[Lcom/iiitb/imageEffectApplication/libraryInterfaces/Pixel;+19
j  com.iiitb.imageEffectApplication.service.PhotoEffectService.applySharpenEffect(FLorg/springframework/web/multipart/MultipartFile;)Lorg/springframework/http/ResponseEntity;+43
j  com.iiitb.imageEffectApplication.controller.PhotoController.applySharpenEffect(FLorg/springframework/web/multipart/MultipartFile;)Lorg/springframework/http/ResponseEntity;+6
v  ~StubRoutines::call_stub
V  [libjvm.so+0x837ee2]  JavaCalls::call_helper(JavaValue*, methodHandle const&, JavaCallArguments*, JavaThread*)+0x302
V  [libjvm.so+0xcca36c]  invoke(InstanceKlass*, methodHandle const&, Handle, bool, objArrayHandle, BasicType, objArrayHandle, bool, JavaThread*) [clone .isra.0]+0x74c
V  [libjvm.so+0xccb098]  Reflection::invoke_method(oopDesc*, Handle, objArrayHandle, JavaThread*)+0x138
V  [libjvm.so+0x90f2f4]  JVM_InvokeMethod+0x144
j  jdk.internal.reflect.NativeMethodAccessorImpl.invoke0(Ljava/lang/reflect/Method;Ljava/lang/Object;[Ljava/lang/Object;)Ljava/lang/Object;+0 java.base@17.0.9
j  jdk.internal.reflect.NativeMethodAccessorImpl.invoke(Ljava/lang/Object;[Ljava/lang/Object;)Ljava/lang/Object;+133 java.base@17.0.9
j  jdk.internal.reflect.DelegatingMethodAccessorImpl.invoke(Ljava/lang/Object;[Ljava/lang/Object;)Ljava/lang/Object;+6 java.base@17.0.9
j  java.lang.reflect.Method.invoke(Ljava/lang/Object;[Ljava/lang/Object;)Ljava/lang/Object;+59 java.base@17.0.9
j  org.springframework.web.method.support.InvocableHandlerMethod.doInvoke([Ljava/lang/Object;)Ljava/lang/Object;+29
j  org.springframework.web.method.support.InvocableHandlerMethod.invokeForRequest(Lorg/springframework/web/context/request/NativeWebRequest;Lorg/springframework/web/method/support/ModelAndViewContainer;[Ljava/lang/Object;)Ljava/lang/Object;+41
j  org.springframework.web.servlet.mvc.method.annotation.ServletInvocableHandlerMethod.invokeAndHandle(Lorg/springframework/web/context/request/ServletWebRequest;Lorg/springframework/web/method/support/ModelAndViewContainer;[Ljava/lang/Object;)V+4
j  org.springframework.web.servlet.mvc.method.annotation.RequestMappingHandlerAdapter.invokeHandlerMethod(Ljakarta/servlet/http/HttpServletRequest;Ljakarta/servlet/http/HttpServletResponse;Lorg/springframework/web/method/HandlerMethod;)Lorg/springframework/web/servlet/ModelAndView;+244
j  org.springframework.web.servlet.mvc.method.annotation.RequestMappingHandlerAdapter.handleInternal(Ljakarta/servlet/http/HttpServletRequest;Ljakarta/servlet/http/HttpServletResponse;Lorg/springframework/web/method/HandlerMethod;)Lorg/springframework/web/servlet/ModelAndView;+81
j  org.springframework.web.servlet.mvc.method.AbstractHandlerMethodAdapter.handle(Ljakarta/servlet/http/HttpServletRequest;Ljakarta/servlet/http/HttpServletResponse;Ljava/lang/Object;)Lorg/springframework/web/servlet/ModelAndView;+7
j  org.springframework.web.servlet.DispatcherServlet.doDispatch(Ljakarta/servlet/http/HttpServletRequest;Ljakarta/servlet/http/HttpServletResponse;)V+259
j  org.springframework.web.servlet.DispatcherServlet.doService(Ljakarta/servlet/http/HttpServletRequest;Ljakarta/servlet/http/HttpServletResponse;)V+242
j  org.springframework.web.servlet.FrameworkServlet.processRequest(Ljakarta/servlet/http/HttpServletRequest;Ljakarta/servlet/http/HttpServletResponse;)V+70
j  org.springframework.web.servlet.FrameworkServlet.doPost(Ljakarta/servlet/http/HttpServletRequest;Ljakarta/servlet/http/HttpServletResponse;)V+3
j  jakarta.servlet.http.HttpServlet.service(Ljakarta/servlet/http/HttpServletRequest;Ljakarta/servlet/http/HttpServletResponse;)V+149
j  org.springframework.web.servlet.FrameworkServlet.service(Ljakarta/servlet/http/HttpServletRequest;Ljakarta/servlet/http/HttpServletResponse;)V+20
j  jakarta.servlet.http.HttpServlet.service(Ljakarta/servlet/ServletRequest;Ljakarta/servlet/ServletResponse;)V+36
j  org.apache.catalina.core.ApplicationFilterChain.internalDoFilter(Ljakarta/servlet/ServletRequest;Ljakarta/servlet/ServletResponse;)V+305
j  org.apache.catalina.core.ApplicationFilterChain.doFilter(Ljakarta/servlet/ServletRequest;Ljakarta/servlet/ServletResponse;)V+99
j  org.apache.tomcat.websocket.server.WsFilter.doFilter(Ljakarta/servlet/ServletRequest;Ljakarta/servlet/ServletResponse;Ljakarta/servlet/FilterChain;)V+21
j  org.apache.catalina.core.ApplicationFilterChain.internalDoFilter(Ljakarta/servlet/ServletRequest;Ljakarta/servlet/ServletResponse;)V+135
j  org.apache.catalina.core.ApplicationFilterChain.doFilter(Ljakarta/servlet/ServletRequest;Ljakarta/servlet/ServletResponse;)V+99
j  org.springframework.web.filter.CharacterEncodingFilter.doFilterInternal(Ljakarta/servlet/http/HttpServletRequest;Ljakarta/servlet/http/HttpServletResponse;Ljakarta/servlet/FilterChain;)V+53
j  org.springframework.web.filter.OncePerRequestFilter.doFilter(Ljakarta/servlet/ServletRequest;Ljakarta/servlet/ServletResponse;Ljakarta/servlet/FilterChain;)V+150
j  org.apache.catalina.core.ApplicationFilterChain.internalDoFilter(Ljakarta/servlet/ServletRequest;Ljakarta/servlet/ServletResponse;)V+135
j  org.apache.catalina.core.ApplicationFilterChain.doFilter(Ljakarta/servlet/ServletRequest;Ljakarta/servlet/ServletResponse;)V+99
j  org.apache.catalina.core.StandardWrapperValve.invoke(Lorg/apache/catalina/connector/Request;Lorg/apache/catalina/connector/Response;)V+514
j  org.apache.catalina.core.StandardContextValve.invoke(Lorg/apache/catalina/connector/Request;Lorg/apache/catalina/connector/Response;)V+169
j  org.apache.catalina.authenticator.AuthenticatorBase.invoke(Lorg/apache/catalina/connector/Request;Lorg/apache/catalina/connector/Response;)V+218
j  org.apache.catalina.core.StandardHostValve.invoke(Lorg/apache/catalina/connector/Request;Lorg/apache/catalina/connector/Response;)V+131
j  org.apache.catalina.valves.ErrorReportValve.invoke(Lorg/apache/catalina/connector/Request;Lorg/apache/catalina/connector/Response;)V+6
j  org.apache.catalina.core.StandardEngineValve.invoke(Lorg/apache/catalina/connector/Request;Lorg/apache/catalina/connector/Response;)V+59
j  org.apache.catalina.connector.CoyoteAdapter.service(Lorg/apache/coyote/Request;Lorg/apache/coyote/Response;)V+187
j  org.apache.coyote.http11.Http11Processor.service(Lorg/apache/tomcat/util/net/SocketWrapperBase;)Lorg/apache/tomcat/util/net/AbstractEndpoint$Handler$SocketState;+785
j  org.apache.coyote.AbstractProcessorLight.process(Lorg/apache/tomcat/util/net/SocketWrapperBase;Lorg/apache/tomcat/util/net/SocketEvent;)Lorg/apache/tomcat/util/net/AbstractEndpoint$Handler$SocketState;+152
j  org.apache.coyote.AbstractProtocol$ConnectionHandler.process(Lorg/apache/tomcat/util/net/SocketWrapperBase;Lorg/apache/tomcat/util/net/SocketEvent;)Lorg/apache/tomcat/util/net/AbstractEndpoint$Handler$SocketState;+482
j  org.apache.tomcat.util.net.NioEndpoint$SocketProcessor.doRun()V+249
j  org.apache.tomcat.util.net.SocketProcessorBase.run()V+32
j  org.apache.tomcat.util.threads.ThreadPoolExecutor.runWorker(Lorg/apache/tomcat/util/threads/ThreadPoolExecutor$Worker;)V+92
j  org.apache.tomcat.util.threads.ThreadPoolExecutor$Worker.run()V+5
j  org.apache.tomcat.util.threads.TaskThread$WrappingRunnable.run()V+4
j  java.lang.Thread.run()V+11 java.base@17.0.9
v  ~StubRoutines::call_stub
V  [libjvm.so+0x837ee2]  JavaCalls::call_helper(JavaValue*, methodHandle const&, JavaCallArguments*, JavaThread*)+0x302
V  [libjvm.so+0x839582]  JavaCalls::call_virtual(JavaValue*, Handle, Klass*, Symbol*, Symbol*, JavaThread*)+0x1a2
V  [libjvm.so+0x903c17]  thread_entry(JavaThread*, JavaThread*)+0xa7
V  [libjvm.so+0xeb421d]  JavaThread::thread_main_inner()+0xdd
V  [libjvm.so+0xeb7ecf]  Thread::call_run()+0xbf
V  [libjvm.so+0xc3d2f9]  thread_native_entry(Thread*)+0xe9

Java frames: (J=compiled Java code, j=interpreted, Vv=VM code)
j  com.iiitb.imageEffectApplication.libraryInterfaces.SharpenInterface.applySharpen([[Lcom/iiitb/imageEffectApplication/libraryInterfaces/Pixel;F)[[Lcom/iiitb/imageEffectApplication/libraryInterfaces/Pixel;+0
j  com.iiitb.imageEffectApplication.effectImplementation.SharpenEffect.apply([[Lcom/iiitb/imageEffectApplication/libraryInterfaces/Pixel;Ljava/lang/String;Lcom/iiitb/imageEffectApplication/service/LoggingService;)[[Lcom/iiitb/imageEffectApplication/libraryInterfaces/Pixel;+19
j  com.iiitb.imageEffectApplication.service.PhotoEffectService.applySharpenEffect(FLorg/springframework/web/multipart/MultipartFile;)Lorg/springframework/http/ResponseEntity;+43
j  com.iiitb.imageEffectApplication.controller.PhotoController.applySharpenEffect(FLorg/springframework/web/multipart/MultipartFile;)Lorg/springframework/http/ResponseEntity;+6
v  ~StubRoutines::call_stub
j  jdk.internal.reflect.NativeMethodAccessorImpl.invoke0(Ljava/lang/reflect/Method;Ljava/lang/Object;[Ljava/lang/Object;)Ljava/lang/Object;+0 java.base@17.0.9
j  jdk.internal.reflect.NativeMethodAccessorImpl.invoke(Ljava/lang/Object;[Ljava/lang/Object;)Ljava/lang/Object;+133 java.base@17.0.9
j  jdk.internal.reflect.DelegatingMethodAccessorImpl.invoke(Ljava/lang/Object;[Ljava/lang/Object;)Ljava/lang/Object;+6 java.base@17.0.9
j  java.lang.reflect.Method.invoke(Ljava/lang/Object;[Ljava/lang/Object;)Ljava/lang/Object;+59 java.base@17.0.9
j  org.springframework.web.method.support.InvocableHandlerMethod.doInvoke([Ljava/lang/Object;)Ljava/lang/Object;+29
j  org.springframework.web.method.support.InvocableHandlerMethod.invokeForRequest(Lorg/springframework/web/context/request/NativeWebRequest;Lorg/springframework/web/method/support/ModelAndViewContainer;[Ljava/lang/Object;)Ljava/lang/Object;+41
j  org.springframework.web.servlet.mvc.method.annotation.ServletInvocableHandlerMethod.invokeAndHandle(Lorg/springframework/web/context/request/ServletWebRequest;Lorg/springframework/web/method/support/ModelAndViewContainer;[Ljava/lang/Object;)V+4
j  org.springframework.web.servlet.mvc.method.annotation.RequestMappingHandlerAdapter.invokeHandlerMethod(Ljakarta/servlet/http/HttpServletRequest;Ljakarta/servlet/http/HttpServletResponse;Lorg/springframework/web/method/HandlerMethod;)Lorg/springframework/web/servlet/ModelAndView;+244
j  org.springframework.web.servlet.mvc.method.annotation.RequestMappingHandlerAdapter.handleInternal(Ljakarta/servlet/http/HttpServletRequest;Ljakarta/servlet/http/HttpServletResponse;Lorg/springframework/web/method/HandlerMethod;)Lorg/springframework/web/servlet/ModelAndView;+81
j  org.springframework.web.servlet.mvc.method.AbstractHandlerMethodAdapter.handle(Ljakarta/servlet/http/HttpServletRequest;Ljakarta/servlet/http/HttpServletResponse;Ljava/lang/Object;)Lorg/springframework/web/servlet/ModelAndView;+7
j  org.springframework.web.servlet.DispatcherServlet.doDispatch(Ljakarta/servlet/http/HttpServletRequest;Ljakarta/servlet/http/HttpServletResponse;)V+259
j  org.springframework.web.servlet.DispatcherServlet.doService(Ljakarta/servlet/http/HttpServletRequest;Ljakarta/servlet/http/HttpServletResponse;)V+242
j  org.springframework.web.servlet.FrameworkServlet.processRequest(Ljakarta/servlet/http/HttpServletRequest;Ljakarta/servlet/http/HttpServletResponse;)V+70
j  org.springframework.web.servlet.FrameworkServlet.doPost(Ljakarta/servlet/http/HttpServletRequest;Ljakarta/servlet/http/HttpServletResponse;)V+3
j  jakarta.servlet.http.HttpServlet.service(Ljakarta/servlet/http/HttpServletRequest;Ljakarta/servlet/http/HttpServletResponse;)V+149
j  org.springframework.web.servlet.FrameworkServlet.service(Ljakarta/servlet/http/HttpServletRequest;Ljakarta/servlet/http/HttpServletResponse;)V+20
j  jakarta.servlet.http.HttpServlet.service(Ljakarta/servlet/ServletRequest;Ljakarta/servlet/ServletResponse;)V+36
j  org.apache.catalina.core.ApplicationFilterChain.internalDoFilter(Ljakarta/servlet/ServletRequest;Ljakarta/servlet/ServletResponse;)V+305
j  org.apache.catalina.core.ApplicationFilterChain.doFilter(Ljakarta/servlet/ServletRequest;Ljakarta/servlet/ServletResponse;)V+99
j  org.apache.tomcat.websocket.server.WsFilter.doFilter(Ljakarta/servlet/ServletRequest;Ljakarta/servlet/ServletResponse;Ljakarta/servlet/FilterChain;)V+21
j  org.apache.catalina.core.ApplicationFilterChain.internalDoFilter(Ljakarta/servlet/ServletRequest;Ljakarta/servlet/ServletResponse;)V+135
j  org.apache.catalina.core.ApplicationFilterChain.doFilter(Ljakarta/servlet/ServletRequest;Ljakarta/servlet/ServletResponse;)V+99
j  org.springframework.web.filter.CharacterEncodingFilter.doFilterInternal(Ljakarta/servlet/http/HttpServletRequest;Ljakarta/servlet/http/HttpServletResponse;Ljakarta/servlet/FilterChain;)V+53
j  org.springframework.web.filter.OncePerRequestFilter.doFilter(Ljakarta/servlet/ServletRequest;Ljakarta/servlet/ServletResponse;Ljakarta/servlet/FilterChain;)V+150
j  org.apache.catalina.core.ApplicationFilterChain.internalDoFilter(Ljakarta/servlet/ServletRequest;Ljakarta/servlet/ServletResponse;)V+135
j  org.apache.catalina.core.ApplicationFilterChain.doFilter(Ljakarta/servlet/ServletRequest;Ljakarta/servlet/ServletResponse;)V+99
j  org.apache.catalina.core.StandardWrapperValve.invoke(Lorg/apache/catalina/connector/Request;Lorg/apache/catalina/connector/Response;)V+514
j  org.apache.catalina.core.StandardContextValve.invoke(Lorg/apache/catalina/connector/Request;Lorg/apache/catalina/connector/Response;)V+169
j  org.apache.catalina.authenticator.AuthenticatorBase.invoke(Lorg/apache/catalina/connector/Request;Lorg/apache/catalina/connector/Response;)V+218
j  org.apache.catalina.core.StandardHostValve.invoke(Lorg/apache/catalina/connector/Request;Lorg/apache/catalina/connector/Response;)V+131
j  org.apache.catalina.valves.ErrorReportValve.invoke(Lorg/apache/catalina/connector/Request;Lorg/apache/catalina/connector/Response;)V+6
j  org.apache.catalina.core.StandardEngineValve.invoke(Lorg/apache/catalina/connector/Request;Lorg/apache/catalina/connector/Response;)V+59
j  org.apache.catalina.connector.CoyoteAdapter.service(Lorg/apache/coyote/Request;Lorg/apache/coyote/Response;)V+187
j  org.apache.coyote.http11.Http11Processor.service(Lorg/apache/tomcat/util/net/SocketWrapperBase;)Lorg/apache/tomcat/util/net/AbstractEndpoint$Handler$SocketState;+785
j  org.apache.coyote.AbstractProcessorLight.process(Lorg/apache/tomcat/util/net/SocketWrapperBase;Lorg/apache/tomcat/util/net/SocketEvent;)Lorg/apache/tomcat/util/net/AbstractEndpoint$Handler$SocketState;+152
j  org.apache.coyote.AbstractProtocol$ConnectionHandler.process(Lorg/apache/tomcat/util/net/SocketWrapperBase;Lorg/apache/tomcat/util/net/SocketEvent;)Lorg/apache/tomcat/util/net/AbstractEndpoint$Handler$SocketState;+482
j  org.apache.tomcat.util.net.NioEndpoint$SocketProcessor.doRun()V+249
j  org.apache.tomcat.util.net.SocketProcessorBase.run()V+32
j  org.apache.tomcat.util.threads.ThreadPoolExecutor.runWorker(Lorg/apache/tomcat/util/threads/ThreadPoolExecutor$Worker;)V+92
j  org.apache.tomcat.util.threads.ThreadPoolExecutor$Worker.run()V+5
j  org.apache.tomcat.util.threads.TaskThread$WrappingRunnable.run()V+4
j  java.lang.Thread.run()V+11 java.base@17.0.9
v  ~StubRoutines::call_stub

siginfo: si_signo: 11 (SIGSEGV), si_code: 1 (SEGV_MAPERR), si_addr: 0x0000000000000025

Registers:
RAX=0x0000000000000025, RBX=0x00007fe0246a3a60, RCX=0x00007fe0447e1620, RDX=0x0000000000000000
RSP=0x00007fe0246a3990, RBP=0x00007fe0246a3ae0, RSI=0x0000000000000000, RDI=0x00007fe0447e1668
R8 =0x00007fdf5844f630, R9 =0x0000000000451000, R10=0x00007fe048dd8080, R11=0x00007fe048de1bfe
R12=0x00007fe0246a3a60, R13=0x0000000000000002, R14=0x00007fe0246a3a60, R15=0x0000000000000003
RIP=0x00007fe048de11df, EFLAGS=0x0000000000010202, CSGSFS=0x002b000000000033, ERR=0x0000000000000004
  TRAPNO=0x000000000000000e


Register to memory mapping:

RAX=0x0000000000000025 is an unknown value
RBX=0x00007fe0246a3a60 is pointing into the stack for thread: 0x00007fe0448c3120
RCX=0x00007fe0447e1620 points into unknown readable memory: 0x00007fdf581ca5a0 | a0 a5 1c 58 df 7f 00 00
RDX=0x0 is NULL
RSP=0x00007fe0246a3990 is pointing into the stack for thread: 0x00007fe0448c3120
RBP=0x00007fe0246a3ae0 is pointing into the stack for thread: 0x00007fe0448c3120
RSI=0x0 is NULL
RDI=0x00007fe0447e1668 points into unknown readable memory: 0x0000000000000025 | 25 00 00 00 00 00 00 00
R8 =0x00007fdf5844f630 points into unknown readable memory: 0x000000ed000000ed | ed 00 00 00 ed 00 00 00
R9 =0x0000000000451000 is an unknown value
R10=0x00007fe048dd8080: <offset 0x0000000000001080> in /tmp/temp-SharpenLib8993532377525971369 at 0x00007fe048dd7000
R11=0x00007fe048de1bfe: _ZNSt6vectorIfSaIfEEixEm+0x0000000000000000 in /tmp/temp-SharpenLib8993532377525971369 at 0x00007fe048dd7000
R12=0x00007fe0246a3a60 is pointing into the stack for thread: 0x00007fe0448c3120
R13=0x0000000000000002 is an unknown value
R14=0x00007fe0246a3a60 is pointing into the stack for thread: 0x00007fe0448c3120
R15=0x0000000000000003 is an unknown value


Top of Stack: (sp=0x00007fe0246a3990)
0x00007fe0246a3990:   00007fe0246a3a48 0000000000000003
0x00007fe0246a39a0:   00007fe0436d0000 0000000000000003
0x00007fe0246a39b0:   41e0000000000000 00007fe0246a3bb0
0x00007fe0246a39c0:   4141414145ad8800 0000000200000000
0x00007fe0246a39d0:   0000000000000002 fffffffe00000001
0x00007fe0246a39e0:   000001263e0f5c29 0000000000000153
0x00007fe0246a39f0:   00007fe0246a39c8 00007fe0246a3a20
0x00007fe0246a3a00:   00007fe0447e1620 00007fe0447e1668
0x00007fe0246a3a10:   00007fe0447e1668 0000000000000000
0x00007fe0246a3a20:   00007fdf583006b0 00007fdf58302240
0x00007fe0246a3a30:   00007fdf58302240 bf80000000000000
0x00007fe0246a3a40:   bf800000bf800000 42000000bf800000
0x00007fe0246a3a50:   bf800000bf800000 bf800000bf800000
0x00007fe0246a3a60:   00007fdf581e5f90 00007fdf581e5f9c
0x00007fe0246a3a70:   00007fdf581e5f9c 00007fdf704773f0
0x00007fe0246a3a80:   00007fdf704773fc 00007fdf704773fc
0x00007fe0246a3a90:   00007fdf581e68b0 00007fdf581e68bc
0x00007fe0246a3aa0:   00007fdf581e68bc 78978211b55ff600
0x00007fe0246a3ab0:   0000000000000000 00007fe00da47840
0x00007fe0246a3ac0:   0000000000000000 00007fe00da47830
0x00007fe0246a3ad0:   00007fe0246a3c90 00007fe0448c3120
0x00007fe0246a3ae0:   00007fe0246a3c00 00007fe048de4659
0x00007fe0246a3af0:   41e0000000000000 00007fe0246a3c90
0x00007fe0246a3b00:   00007fe0246a3c78 00007fe0448c33d0
0x00007fe0246a3b10:   00007fe04d23c190 0000015300000126
0x00007fe0246a3b20:   00007fe0246a3b90 0000000000000126
0x00007fe0246a3b30:   0000000000000000 000000db00000153
0x00007fe0246a3b40:   000000e4000000db 00007fdf581bfc40
0x00007fe0246a3b50:   00007fdf580876f0 0000000000000000
0x00007fe0246a3b60:   00007fe0246a3b00 0000000000000000
0x00007fe0246a3b70:   0000000000000000 00007fdf581bfc80
0x00007fe0246a3b80:   00007fdf58087730 0000000000000032 

Instructions: (pc=0x00007fe048de11df)
0x00007fe048de10df:   00 00 00 e9 2b 04 00 00 c7 85 f4 fe ff ff 00 00
0x00007fe048de10ef:   00 00 e9 08 04 00 00 66 0f ef c0 f3 0f 11 85 e0
0x00007fe048de10ff:   fe ff ff c7 85 f8 fe ff ff fe ff ff ff e9 76 02
0x00007fe048de110f:   00 00 c7 85 fc fe ff ff fe ff ff ff e9 53 02 00
0x00007fe048de111f:   00 83 bd f4 fe ff ff 02 0f 84 8f 01 00 00 83 bd
0x00007fe048de112f:   f4 fe ff ff 02 0f 8f 32 02 00 00 83 bd f4 fe ff
0x00007fe048de113f:   ff 00 74 12 83 bd f4 fe ff ff 01 0f 84 b8 00 00
0x00007fe048de114f:   00 e9 17 02 00 00 8b 95 ec fe ff ff 8b 85 f8 fe
0x00007fe048de115f:   ff ff 01 d0 48 63 d0 48 8b 85 d8 fe ff ff 48 89
0x00007fe048de116f:   d6 48 89 c7 e8 b8 f4 ff ff 48 89 c2 8b 8d f0 fe
0x00007fe048de117f:   ff ff 8b 85 fc fe ff ff 01 c8 48 98 48 89 c6 48
0x00007fe048de118f:   89 d7 e8 ba f8 ff ff 8b 00 66 0f ef d2 f3 0f 2a
0x00007fe048de119f:   d0 f3 0f 11 95 c0 fe ff ff 8b 85 f8 fe ff ff 83
0x00007fe048de11af:   c0 02 48 63 d0 48 8d 85 20 ff ff ff 48 89 d6 48
0x00007fe048de11bf:   89 c7 e8 9a f3 ff ff 48 89 c2 8b 85 fc fe ff ff
0x00007fe048de11cf:   83 c0 02 48 98 48 89 c6 48 89 d7 e8 81 fa ff ff
0x00007fe048de11df:   f3 0f 10 00 f3 0f 10 8d c0 fe ff ff f3 0f 59 c8
0x00007fe048de11ef:   f3 0f 10 85 e0 fe ff ff f3 0f 58 c1 f3 0f 11 85
0x00007fe048de11ff:   e0 fe ff ff e9 64 01 00 00 8b 95 ec fe ff ff 8b
0x00007fe048de120f:   85 f8 fe ff ff 01 d0 48 63 d0 48 8b 85 d8 fe ff
0x00007fe048de121f:   ff 48 89 d6 48 89 c7 e8 05 f4 ff ff 48 89 c2 8b
0x00007fe048de122f:   8d f0 fe ff ff 8b 85 fc fe ff ff 01 c8 48 98 48
0x00007fe048de123f:   89 c6 48 89 d7 e8 07 f8 ff ff 8b 40 04 66 0f ef
0x00007fe048de124f:   db f3 0f 2a d8 f3 0f 11 9d c0 fe ff ff 8b 85 f8
0x00007fe048de125f:   fe ff ff 83 c0 02 48 63 d0 48 8d 85 20 ff ff ff
0x00007fe048de126f:   48 89 d6 48 89 c7 e8 e6 f2 ff ff 48 89 c2 8b 85
0x00007fe048de127f:   fc fe ff ff 83 c0 02 48 98 48 89 c6 48 89 d7 e8
0x00007fe048de128f:   cd f9 ff ff f3 0f 10 00 f3 0f 10 8d c0 fe ff ff
0x00007fe048de129f:   f3 0f 59 c8 f3 0f 10 85 e0 fe ff ff f3 0f 58 c1
0x00007fe048de12af:   f3 0f 11 85 e0 fe ff ff e9 b0 00 00 00 8b 95 ec
0x00007fe048de12bf:   fe ff ff 8b 85 f8 fe ff ff 01 d0 48 63 d0 48 8b
0x00007fe048de12cf:   85 d8 fe ff ff 48 89 d6 48 89 c7 e8 51 f3 ff ff 


Stack slot to memory mapping:
stack at sp + 0 slots: 0x00007fe0246a3a48 is pointing into the stack for thread: 0x00007fe0448c3120
stack at sp + 1 slots: 0x0000000000000003 is an unknown value
stack at sp + 2 slots: 0x00007fe0436d0000 points into unknown readable memory: 0x013b656c69467373 | 73 73 46 69 6c 65 3b 01
stack at sp + 3 slots: 0x0000000000000003 is an unknown value
stack at sp + 4 slots: 0x41e0000000000000 is an unknown value
stack at sp + 5 slots: 0x00007fe0246a3bb0 is pointing into the stack for thread: 0x00007fe0448c3120
stack at sp + 6 slots: 0x4141414145ad8800 is an unknown value
stack at sp + 7 slots: 0x0000000200000000 is an unknown value


---------------  P R O C E S S  ---------------

Threads class SMR info:
_java_thread_list=0x00007fdf94250290, length=29, elements={
0x00007fe0441775b0, 0x00007fe0441789a0, 0x00007fe04417df00, 0x00007fe04417f2c0,
0x00007fe0441806e0, 0x00007fe0441820a0, 0x00007fe0441835e0, 0x00007fe04418ca50,
0x00007fe044194200, 0x00007fe044197a90, 0x00007fe04458f740, 0x00007fdf6c002b60,
0x00007fe0446b94f0, 0x00007fe0448c3120, 0x00007fe044c2e290, 0x00007fe044c426c0,
0x00007fe044c43410, 0x00007fe04421c220, 0x00007fe04421d2a0, 0x00007fe0442992e0,
0x00007fe0442babd0, 0x00007fe0442bb760, 0x00007fe0442c9140, 0x00007fe044412a70,
0x00007fe044413760, 0x00007fe044013960, 0x00007fdfa0634c60, 0x00007fdf580fdd30,
0x00007fdf94570770
}

Java Threads: ( => current thread )
  0x00007fe0441775b0 JavaThread "Reference Handler" daemon [_thread_blocked, id=287296, stack(0x00007fe0489d0000,0x00007fe048ad0000)]
  0x00007fe0441789a0 JavaThread "Finalizer" daemon [_thread_blocked, id=287297, stack(0x00007fe0488d0000,0x00007fe0489d0000)]
  0x00007fe04417df00 JavaThread "Signal Dispatcher" daemon [_thread_blocked, id=287298, stack(0x00007fe0487d0000,0x00007fe0488d0000)]
  0x00007fe04417f2c0 JavaThread "Service Thread" daemon [_thread_blocked, id=287299, stack(0x00007fe048100000,0x00007fe048200000)]
  0x00007fe0441806e0 JavaThread "Monitor Deflation Thread" daemon [_thread_blocked, id=287300, stack(0x00007fe048000000,0x00007fe048100000)]
  0x00007fe0441820a0 JavaThread "C2 CompilerThread0" daemon [_thread_blocked, id=287301, stack(0x00007fe043f00000,0x00007fe044000000)]
  0x00007fe0441835e0 JavaThread "C1 CompilerThread0" daemon [_thread_blocked, id=287302, stack(0x00007fe0257b0000,0x00007fe0258b0000)]
  0x00007fe04418ca50 JavaThread "Sweeper thread" daemon [_thread_blocked, id=287303, stack(0x00007fe0256b0000,0x00007fe0257b0000)]
  0x00007fe044194200 JavaThread "Notification Thread" daemon [_thread_blocked, id=287304, stack(0x00007fe0255b0000,0x00007fe0256b0000)]
  0x00007fe044197a90 JavaThread "Common-Cleaner" daemon [_thread_blocked, id=287306, stack(0x00007fe0253af000,0x00007fe0254af000)]
  0x00007fe04458f740 JavaThread "Catalina-utility-1" [_thread_blocked, id=287340, stack(0x00007fe024baa000,0x00007fe024caa000)]
  0x00007fdf6c002b60 JavaThread "Catalina-utility-2" [_thread_blocked, id=287341, stack(0x00007fe0247a7000,0x00007fe0248a7000)]
  0x00007fe0446b94f0 JavaThread "container-0" [_thread_blocked, id=287342, stack(0x00007fe0246a7000,0x00007fe0247a7000)]
=>0x00007fe0448c3120 JavaThread "http-nio-8000-exec-1" daemon [_thread_in_native, id=287343, stack(0x00007fe0245a7000,0x00007fe0246a7000)]
  0x00007fe044c2e290 JavaThread "http-nio-8000-exec-2" daemon [_thread_blocked, id=287344, stack(0x00007fe0244a7000,0x00007fe0245a7000)]
  0x00007fe044c426c0 JavaThread "http-nio-8000-exec-3" daemon [_thread_blocked, id=287345, stack(0x00007fe0243a7000,0x00007fe0244a7000)]
  0x00007fe044c43410 JavaThread "http-nio-8000-exec-4" daemon [_thread_blocked, id=287346, stack(0x00007fe0242a7000,0x00007fe0243a7000)]
  0x00007fe04421c220 JavaThread "http-nio-8000-exec-5" daemon [_thread_blocked, id=287347, stack(0x00007fe0241a7000,0x00007fe0242a7000)]
  0x00007fe04421d2a0 JavaThread "http-nio-8000-exec-6" daemon [_thread_blocked, id=287348, stack(0x00007fe0240a7000,0x00007fe0241a7000)]
  0x00007fe0442992e0 JavaThread "http-nio-8000-exec-7" daemon [_thread_blocked, id=287349, stack(0x00007fe015f00000,0x00007fe016000000)]
  0x00007fe0442babd0 JavaThread "http-nio-8000-exec-8" daemon [_thread_blocked, id=287350, stack(0x00007fe015e00000,0x00007fe015f00000)]
  0x00007fe0442bb760 JavaThread "http-nio-8000-exec-9" daemon [_thread_blocked, id=287351, stack(0x00007fe015d00000,0x00007fe015e00000)]
  0x00007fe0442c9140 JavaThread "http-nio-8000-exec-10" daemon [_thread_blocked, id=287352, stack(0x00007fe015c00000,0x00007fe015d00000)]
  0x00007fe044412a70 JavaThread "http-nio-8000-Poller" daemon [_thread_in_native, id=287353, stack(0x00007fe015b00000,0x00007fe015c00000)]
  0x00007fe044413760 JavaThread "http-nio-8000-Acceptor" daemon [_thread_in_native, id=287354, stack(0x00007fe015a00000,0x00007fe015b00000)]
  0x00007fe044013960 JavaThread "DestroyJavaVM" [_thread_blocked, id=287289, stack(0x00007fe04bf00000,0x00007fe04c000000)]
  0x00007fdfa0634c60 JavaThread "C2 CompilerThread1" daemon [_thread_blocked, id=287355, stack(0x00007fe0252af000,0x00007fe0253af000)]
  0x00007fdf580fdd30 JavaThread "Java2D Disposer" daemon [_thread_blocked, id=287356, stack(0x00007fe0251af000,0x00007fe0252af000)]
  0x00007fdf94570770 JavaThread "C2 CompilerThread2" daemon [_thread_blocked, id=287357, stack(0x00007fe015801000,0x00007fe015901000)]

Other Threads:
  0x00007fe044173620 VMThread "VM Thread" [stack: 0x00007fe048ad1000,0x00007fe048bd1000] [id=287295]
  0x00007fe044195b50 WatcherThread [stack: 0x00007fe0254b0000,0x00007fe0255b0000] [id=287305]
  0x00007fe04407e370 GCTaskThread "GC Thread#0" [stack: 0x00007fe049a03000,0x00007fe049b03000] [id=287290]
  0x00007fdfc0005ed0 GCTaskThread "GC Thread#1" [stack: 0x00007fe0250af000,0x00007fe0251af000] [id=287309]
  0x00007fdfc00068e0 GCTaskThread "GC Thread#2" [stack: 0x00007fe024fae000,0x00007fe0250ae000] [id=287310]
  0x00007fdfc00072f0 GCTaskThread "GC Thread#3" [stack: 0x00007fe024ead000,0x00007fe024fad000] [id=287311]
  0x00007fdfc00080f0 GCTaskThread "GC Thread#4" [stack: 0x00007fe024dac000,0x00007fe024eac000] [id=287312]
  0x00007fdfc0008ef0 GCTaskThread "GC Thread#5" [stack: 0x00007fe024cab000,0x00007fe024dab000] [id=287313]
  0x00007fdfc000c8a0 GCTaskThread "GC Thread#6" [stack: 0x00007fe024aaa000,0x00007fe024baa000] [id=287337]
  0x00007fdfc00124a0 GCTaskThread "GC Thread#7" [stack: 0x00007fe0249a9000,0x00007fe024aa9000] [id=287338]
  0x00007fe04408f010 ConcurrentGCThread "G1 Main Marker" [stack: 0x00007fe049902000,0x00007fe049a02000] [id=287291]
  0x00007fe04408ff80 ConcurrentGCThread "G1 Conc#0" [stack: 0x00007fe049801000,0x00007fe049901000] [id=287292]
  0x00007fe018000ea0 ConcurrentGCThread "G1 Conc#1" [stack: 0x00007fe0248a8000,0x00007fe0249a8000] [id=287339]
  0x00007fe044143920 ConcurrentGCThread "G1 Refine#0" [stack: 0x00007fe048ef8000,0x00007fe048ff8000] [id=287293]
  0x00007fe044144820 ConcurrentGCThread "G1 Service" [stack: 0x00007fe048df7000,0x00007fe048ef7000] [id=287294]

Threads with active compile tasks:

VM state: not at safepoint (normal execution)

VM Mutex/Monitor currently owned by a thread: None

Heap address: 0x0000000709600000, size: 3946 MB, Compressed Oops mode: Zero based, Oop shift amount: 3

CDS archive(s) mapped at: [0x00007fdfc7000000-0x00007fdfc7bc6000-0x00007fdfc7bc6000), size 12345344, SharedBaseAddress: 0x00007fdfc7000000, ArchiveRelocationMode: 1.
Compressed class space mapped at: 0x00007fdfc8000000-0x00007fe008000000, reserved size: 1073741824
Narrow klass base: 0x00007fdfc7000000, Narrow klass shift: 0, Narrow klass range: 0x100000000

GC Precious Log:
 CPUs: 8 total, 8 available
 Memory: 15782M
 Large Page Support: Disabled
 NUMA Support: Disabled
 Compressed Oops: Enabled (Zero based)
 Heap Region Size: 2M
 Heap Min Capacity: 8M
 Heap Initial Capacity: 248M
 Heap Max Capacity: 3946M
 Pre-touch: Disabled
 Parallel Workers: 8
 Concurrent Workers: 2
 Concurrent Refinement Workers: 8
 Periodic GC: Disabled

Heap:
 garbage-first heap   total 51200K, used 20448K [0x0000000709600000, 0x0000000800000000)
  region size 2048K, 7 young (14336K), 2 survivors (4096K)
 Metaspace       used 30973K, committed 31424K, reserved 1114112K
  class space    used 3880K, committed 4096K, reserved 1048576K

Heap Regions: E=young(eden), S=young(survivor), O=old, HS=humongous(starts), HC=humongous(continues), CS=collection set, F=free, OA=open archive, CA=closed archive, TAMS=top-at-mark-start (previous, next)
|   0|0x0000000709600000, 0x00000007097b8a00, 0x0000000709800000| 86%| O|  |TAMS 0x0000000709600000, 0x0000000709600000| Untracked 
|   1|0x0000000709800000, 0x0000000709800000, 0x0000000709a00000|  0%| F|  |TAMS 0x0000000709800000, 0x0000000709800000| Untracked 
|   2|0x0000000709a00000, 0x0000000709a00000, 0x0000000709c00000|  0%| F|  |TAMS 0x0000000709a00000, 0x0000000709a00000| Untracked 
|   3|0x0000000709c00000, 0x0000000709c00000, 0x0000000709e00000|  0%| F|  |TAMS 0x0000000709c00000, 0x0000000709c00000| Untracked 
|   4|0x0000000709e00000, 0x000000070a000000, 0x000000070a000000|100%| O|  |TAMS 0x0000000709e00000, 0x0000000709e00000| Untracked 
|   5|0x000000070a000000, 0x000000070a200000, 0x000000070a200000|100%| O|  |TAMS 0x000000070a000000, 0x000000070a000000| Untracked 
|   6|0x000000070a200000, 0x000000070a400000, 0x000000070a400000|100%| O|  |TAMS 0x000000070a200000, 0x000000070a200000| Untracked 
|   7|0x000000070a400000, 0x000000070a600000, 0x000000070a600000|100%| O|  |TAMS 0x000000070a400000, 0x000000070a400000| Untracked 
|   8|0x000000070a600000, 0x000000070a653658, 0x000000070a800000| 16%| S|CS|TAMS 0x000000070a600000, 0x000000070a600000| Complete 
|   9|0x000000070a800000, 0x000000070aa00000, 0x000000070aa00000|100%| S|CS|TAMS 0x000000070a800000, 0x000000070a800000| Complete 
|  10|0x000000070aa00000, 0x000000070aa00000, 0x000000070ac00000|  0%| F|  |TAMS 0x000000070aa00000, 0x000000070aa00000| Untracked 
|  11|0x000000070ac00000, 0x000000070ac00000, 0x000000070ae00000|  0%| F|  |TAMS 0x000000070ac00000, 0x000000070ac00000| Untracked 
|  12|0x000000070ae00000, 0x000000070ae00000, 0x000000070b000000|  0%| F|  |TAMS 0x000000070ae00000, 0x000000070ae00000| Untracked 
|  13|0x000000070b000000, 0x000000070b000000, 0x000000070b200000|  0%| F|  |TAMS 0x000000070b000000, 0x000000070b000000| Untracked 
|  14|0x000000070b200000, 0x000000070b200000, 0x000000070b400000|  0%| F|  |TAMS 0x000000070b200000, 0x000000070b200000| Untracked 
|  15|0x000000070b400000, 0x000000070b400000, 0x000000070b600000|  0%| F|  |TAMS 0x000000070b400000, 0x000000070b400000| Untracked 
|  16|0x000000070b600000, 0x000000070b600000, 0x000000070b800000|  0%| F|  |TAMS 0x000000070b600000, 0x000000070b600000| Untracked 
|  17|0x000000070b800000, 0x000000070b800000, 0x000000070ba00000|  0%| F|  |TAMS 0x000000070b800000, 0x000000070b800000| Untracked 
|  55|0x0000000710400000, 0x00000007104bbfa0, 0x0000000710600000| 36%| E|  |TAMS 0x0000000710400000, 0x0000000710400000| Complete 
|  56|0x0000000710600000, 0x0000000710800000, 0x0000000710800000|100%| E|CS|TAMS 0x0000000710600000, 0x0000000710600000| Complete 
|  57|0x0000000710800000, 0x0000000710a00000, 0x0000000710a00000|100%| E|CS|TAMS 0x0000000710800000, 0x0000000710800000| Complete 
|  58|0x0000000710a00000, 0x0000000710c00000, 0x0000000710c00000|100%| E|CS|TAMS 0x0000000710a00000, 0x0000000710a00000| Complete 
| 123|0x0000000718c00000, 0x0000000718e00000, 0x0000000718e00000|100%| E|  |TAMS 0x0000000718c00000, 0x0000000718c00000| Complete 
|1971|0x00000007ffc00000, 0x00000007ffd75000, 0x00000007ffe00000| 72%|OA|  |TAMS 0x00000007ffd75000, 0x00000007ffc00000| Untracked 
|1972|0x00000007ffe00000, 0x00000007ffe77000, 0x0000000800000000| 23%|CA|  |TAMS 0x00000007ffe77000, 0x00000007ffe00000| Untracked 

Card table byte_map: [0x00007fe04a2b8000,0x00007fe04aa6d000] _byte_map_base: 0x00007fe046a6d000

Marking Bits (Prev, Next): (CMBitMap*) 0x00007fe04407ee40, (CMBitMap*) 0x00007fe04407ee00
 Prev Bits: [0x00007fe0258b0000, 0x00007fe029658000)
 Next Bits: [0x00007fe029658000, 0x00007fe02d400000)

Polling page: 0x00007fe04d744000

Metaspace:

Usage:
  Non-class:     26.46 MB used.
      Class:      3.79 MB used.
       Both:     30.25 MB used.

Virtual space:
  Non-class space:       64.00 MB reserved,      26.69 MB ( 42%) committed,  1 nodes.
      Class space:        1.00 GB reserved,       4.00 MB ( <1%) committed,  1 nodes.
             Both:        1.06 GB reserved,      30.69 MB (  3%) committed. 

Chunk freelists:
   Non-Class:  4.70 MB
       Class:  11.95 MB
        Both:  16.65 MB

MaxMetaspaceSize: unlimited
CompressedClassSpaceSize: 1.00 GB
Initial GC threshold: 21.00 MB
Current GC threshold: 35.31 MB
CDS: on
MetaspaceReclaimPolicy: balanced
 - commit_granule_bytes: 65536.
 - commit_granule_words: 8192.
 - virtual_space_node_default_size: 8388608.
 - enlarge_chunks_in_place: 1.
 - new_chunks_are_fully_committed: 0.
 - uncommit_free_chunks: 1.
 - use_allocation_guard: 0.
 - handle_deallocations: 1.


Internal statistics:

num_allocs_failed_limit: 3.
num_arena_births: 604.
num_arena_deaths: 0.
num_vsnodes_births: 2.
num_vsnodes_deaths: 0.
num_space_committed: 491.
num_space_uncommitted: 0.
num_chunks_returned_to_freelist: 3.
num_chunks_taken_from_freelist: 1695.
num_chunk_merges: 3.
num_chunk_splits: 1148.
num_chunks_enlarged: 830.
num_inconsistent_stats: 0.

CodeHeap 'non-profiled nmethods': size=120028Kb used=2280Kb max_used=2280Kb free=117747Kb
 bounds [0x00007fe034ec9000, 0x00007fe035139000, 0x00007fe03c400000]
CodeHeap 'profiled nmethods': size=120028Kb used=7438Kb max_used=7438Kb free=112589Kb
 bounds [0x00007fe02d400000, 0x00007fe02db50000, 0x00007fe034937000]
CodeHeap 'non-nmethods': size=5704Kb used=1251Kb max_used=1282Kb free=4452Kb
 bounds [0x00007fe034937000, 0x00007fe034ba7000, 0x00007fe034ec9000]
 total_blobs=4313 nmethods=3755 adapters=471
 compilation: enabled
              stopped_count=0, restarted_count=0
 full_count=0

Compilation events (20 events):
Event: 3.980 Thread 0x00007fe0441835e0 nmethod 3746 0x00007fe02db40790 code [0x00007fe02db40960, 0x00007fe02db40c30]
Event: 3.980 Thread 0x00007fe0441835e0 3747       3       java.io.ObjectOutputStream$BlockDataOutputStream::writeShort (47 bytes)
Event: 3.980 Thread 0x00007fe0441835e0 nmethod 3747 0x00007fe02db40d10 code [0x00007fe02db40ee0, 0x00007fe02db41160]
Event: 3.980 Thread 0x00007fe0441835e0 3748       3       java.io.Bits::putShort (16 bytes)
Event: 3.980 Thread 0x00007fe0441835e0 nmethod 3748 0x00007fe02db41310 code [0x00007fe02db414a0, 0x00007fe02db415d0]
Event: 3.980 Thread 0x00007fe0441835e0 3749       3       java.io.ObjectOutputStream$BlockDataOutputStream::writeUTF (46 bytes)
Event: 3.980 Thread 0x00007fe0441835e0 nmethod 3749 0x00007fe02db41710 code [0x00007fe02db41920, 0x00007fe02db41d30]
Event: 3.980 Thread 0x00007fe0441835e0 3750       3       java.io.ObjectOutputStream$BlockDataOutputStream::writeByte (33 bytes)
Event: 3.980 Thread 0x00007fe0441835e0 nmethod 3750 0x00007fe02db41f10 code [0x00007fe02db420c0, 0x00007fe02db422a0]
Event: 3.980 Thread 0x00007fe0441835e0 3751       3       java.io.FileDescriptor$1::getAppend (5 bytes)
Event: 3.980 Thread 0x00007fe0441835e0 nmethod 3751 0x00007fe02db42390 code [0x00007fe02db42520, 0x00007fe02db42630]
Event: 3.980 Thread 0x00007fe0441835e0 3752       3       java.io.FileOutputStream::write (20 bytes)
Event: 3.981 Thread 0x00007fe0441835e0 nmethod 3752 0x00007fe02db42710 code [0x00007fe02db428c0, 0x00007fe02db42a80]
Event: 3.981 Thread 0x00007fe0441835e0 3754       3       java.io.ObjectOutputStream::writeUTF (9 bytes)
Event: 3.981 Thread 0x00007fe0441835e0 nmethod 3754 0x00007fe02db42b90 code [0x00007fe02db42d60, 0x00007fe02db42f90]
Event: 3.981 Thread 0x00007fe0441835e0 3755       3       java.io.ObjectOutputStream$BlockDataOutputStream::writeUTF (11 bytes)
Event: 3.981 Thread 0x00007fe0441835e0 nmethod 3755 0x00007fe02db43090 code [0x00007fe02db43240, 0x00007fe02db433f0]
Event: 3.981 Thread 0x00007fe0441835e0 3756       3       java.lang.invoke.VarHandleByteArrayAsInts$ArrayHandle::index (12 bytes)
Event: 3.981 Thread 0x00007fe0441835e0 nmethod 3756 0x00007fe02db43490 code [0x00007fe02db43640, 0x00007fe02db43840]
Event: 4.006 Thread 0x00007fdfa0634c60 nmethod 3699 0x00007fe0350fe690 code [0x00007fe0350fea20, 0x00007fe035101a38]

GC Heap History (12 events):
Event: 0.200 GC heap before
{Heap before GC invocations=0 (full 0):
 garbage-first heap   total 258048K, used 22448K [0x0000000709600000, 0x0000000800000000)
  region size 2048K, 11 young (22528K), 0 survivors (0K)
 Metaspace       used 3485K, committed 3712K, reserved 1114112K
  class space    used 353K, committed 512K, reserved 1048576K
}
Event: 0.201 GC heap after
{Heap after GC invocations=1 (full 0):
 garbage-first heap   total 258048K, used 3640K [0x0000000709600000, 0x0000000800000000)
  region size 2048K, 1 young (2048K), 1 survivors (2048K)
 Metaspace       used 3485K, committed 3712K, reserved 1114112K
  class space    used 353K, committed 512K, reserved 1048576K
}
Event: 0.468 GC heap before
{Heap before GC invocations=1 (full 0):
 garbage-first heap   total 258048K, used 46648K [0x0000000709600000, 0x0000000800000000)
  region size 2048K, 22 young (45056K), 1 survivors (2048K)
 Metaspace       used 9033K, committed 9344K, reserved 1114112K
  class space    used 1155K, committed 1280K, reserved 1048576K
}
Event: 0.470 GC heap after
{Heap after GC invocations=2 (full 0):
 garbage-first heap   total 258048K, used 5175K [0x0000000709600000, 0x0000000800000000)
  region size 2048K, 2 young (4096K), 2 survivors (4096K)
 Metaspace       used 9033K, committed 9344K, reserved 1114112K
  class space    used 1155K, committed 1280K, reserved 1048576K
}
Event: 1.008 GC heap before
{Heap before GC invocations=2 (full 0):
 garbage-first heap   total 258048K, used 130103K [0x0000000709600000, 0x0000000800000000)
  region size 2048K, 65 young (133120K), 2 survivors (4096K)
 Metaspace       used 21164K, committed 21504K, reserved 1114112K
  class space    used 2712K, committed 2880K, reserved 1048576K
}
Event: 1.012 GC heap after
{Heap after GC invocations=3 (full 0):
 garbage-first heap   total 258048K, used 9940K [0x0000000709600000, 0x0000000800000000)
  region size 2048K, 4 young (8192K), 4 survivors (8192K)
 Metaspace       used 21164K, committed 21504K, reserved 1114112K
  class space    used 2712K, committed 2880K, reserved 1048576K
}
Event: 1.180 GC heap before
{Heap before GC invocations=4 (full 0):
 garbage-first heap   total 49152K, used 36564K [0x0000000709600000, 0x0000000800000000)
  region size 2048K, 18 young (36864K), 4 survivors (8192K)
 Metaspace       used 24795K, committed 25216K, reserved 1114112K
  class space    used 3138K, committed 3328K, reserved 1048576K
}
Event: 1.185 GC heap after
{Heap after GC invocations=5 (full 0):
 garbage-first heap   total 51200K, used 12092K [0x0000000709600000, 0x0000000800000000)
  region size 2048K, 5 young (10240K), 5 survivors (10240K)
 Metaspace       used 24795K, committed 25216K, reserved 1114112K
  class space    used 3138K, committed 3328K, reserved 1048576K
}
Event: 1.301 GC heap before
{Heap before GC invocations=5 (full 0):
 garbage-first heap   total 51200K, used 32572K [0x0000000709600000, 0x0000000800000000)
  region size 2048K, 15 young (30720K), 5 survivors (10240K)
 Metaspace       used 26569K, committed 26944K, reserved 1114112K
  class space    used 3359K, committed 3520K, reserved 1048576K
}
Event: 1.305 GC heap after
{Heap after GC invocations=6 (full 0):
 garbage-first heap   total 51200K, used 13276K [0x0000000709600000, 0x0000000800000000)
  region size 2048K, 2 young (4096K), 2 survivors (4096K)
 Metaspace       used 26569K, committed 26944K, reserved 1114112K
  class space    used 3359K, committed 3520K, reserved 1048576K
}
Event: 3.916 GC heap before
{Heap before GC invocations=6 (full 0):
 garbage-first heap   total 51200K, used 35804K [0x0000000709600000, 0x0000000800000000)
  region size 2048K, 13 young (26624K), 2 survivors (4096K)
 Metaspace       used 29348K, committed 29824K, reserved 1114112K
  class space    used 3715K, committed 3968K, reserved 1048576K
}
Event: 3.919 GC heap after
{Heap after GC invocations=7 (full 0):
 garbage-first heap   total 51200K, used 14304K [0x0000000709600000, 0x0000000800000000)
  region size 2048K, 2 young (4096K), 2 survivors (4096K)
 Metaspace       used 29348K, committed 29824K, reserved 1114112K
  class space    used 3715K, committed 3968K, reserved 1048576K
}

Dll operation events (12 events):
Event: 0.001 Loaded shared library /usr/lib/jvm/java-17-openjdk-amd64/lib/libjava.so
Event: 0.014 Loaded shared library /usr/lib/jvm/java-17-openjdk-amd64/lib/libjsvml.so
Event: 0.019 Loaded shared library /usr/lib/jvm/java-17-openjdk-amd64/lib/libnio.so
Event: 0.021 Loaded shared library /usr/lib/jvm/java-17-openjdk-amd64/lib/libzip.so
Event: 0.045 Loaded shared library /usr/lib/jvm/java-17-openjdk-amd64/lib/libjimage.so
Event: 0.139 Loaded shared library /usr/lib/jvm/java-17-openjdk-amd64/lib/libnet.so
Event: 1.346 Loaded shared library /usr/lib/jvm/java-17-openjdk-amd64/lib/libextnet.so
Event: 1.360 Loaded shared library /usr/lib/jvm/java-17-openjdk-amd64/lib/libmanagement.so
Event: 1.361 Loaded shared library /usr/lib/jvm/java-17-openjdk-amd64/lib/libmanagement_ext.so
Event: 3.928 Loaded shared library /usr/lib/jvm/java-17-openjdk-amd64/lib/libawt.so
Event: 3.928 Loaded shared library /usr/lib/jvm/java-17-openjdk-amd64/lib/libawt_headless.so
Event: 3.982 Loaded shared library /tmp/temp-SharpenLib8993532377525971369

Deoptimization events (20 events):
Event: 3.952 Thread 0x00007fe0448c3120 DEOPT PACKING pc=0x00007fe02db11be0 sp=0x00007fe0246a3740
Event: 3.952 Thread 0x00007fe0448c3120 DEOPT UNPACKING pc=0x00007fe03499164f sp=0x00007fe0246a2c20 mode 0
Event: 3.952 Thread 0x00007fe0448c3120 DEOPT PACKING pc=0x00007fe02db11be0 sp=0x00007fe0246a3740
Event: 3.952 Thread 0x00007fe0448c3120 DEOPT UNPACKING pc=0x00007fe03499164f sp=0x00007fe0246a2c20 mode 0
Event: 3.952 Thread 0x00007fe0448c3120 DEOPT PACKING pc=0x00007fe02db11be0 sp=0x00007fe0246a3740
Event: 3.952 Thread 0x00007fe0448c3120 DEOPT UNPACKING pc=0x00007fe03499164f sp=0x00007fe0246a2c20 mode 0
Event: 3.952 Thread 0x00007fe0448c3120 DEOPT PACKING pc=0x00007fe02db11be0 sp=0x00007fe0246a3740
Event: 3.952 Thread 0x00007fe0448c3120 DEOPT UNPACKING pc=0x00007fe03499164f sp=0x00007fe0246a2c20 mode 0
Event: 3.967 Thread 0x00007fe0448c3120 Uncommon trap: trap_request=0xffffffbe fr.pc=0x00007fe03507acac relative=0x000000000000036c
Event: 3.967 Thread 0x00007fe0448c3120 Uncommon trap: reason=profile_predicate action=maybe_recompile pc=0x00007fe03507acac method=java.util.Arrays.binarySearch0([Ljava/lang/Object;IILjava/lang/Object;)I @ 12 c2
Event: 3.967 Thread 0x00007fe0448c3120 DEOPT PACKING pc=0x00007fe03507acac sp=0x00007fe0246a3290
Event: 3.967 Thread 0x00007fe0448c3120 DEOPT UNPACKING pc=0x00007fe034990b19 sp=0x00007fe0246a3230 mode 2
Event: 3.967 Thread 0x00007fe0448c3120 Uncommon trap: trap_request=0xffffffbe fr.pc=0x00007fe03507acac relative=0x000000000000036c
Event: 3.967 Thread 0x00007fe0448c3120 Uncommon trap: reason=profile_predicate action=maybe_recompile pc=0x00007fe03507acac method=java.util.Arrays.binarySearch0([Ljava/lang/Object;IILjava/lang/Object;)I @ 12 c2
Event: 3.967 Thread 0x00007fe0448c3120 DEOPT PACKING pc=0x00007fe03507acac sp=0x00007fe0246a3290
Event: 3.967 Thread 0x00007fe0448c3120 DEOPT UNPACKING pc=0x00007fe034990b19 sp=0x00007fe0246a3230 mode 2
Event: 3.967 Thread 0x00007fe0448c3120 Uncommon trap: trap_request=0xffffffbe fr.pc=0x00007fe03507acac relative=0x000000000000036c
Event: 3.967 Thread 0x00007fe0448c3120 Uncommon trap: reason=profile_predicate action=maybe_recompile pc=0x00007fe03507acac method=java.util.Arrays.binarySearch0([Ljava/lang/Object;IILjava/lang/Object;)I @ 12 c2
Event: 3.967 Thread 0x00007fe0448c3120 DEOPT PACKING pc=0x00007fe03507acac sp=0x00007fe0246a3290
Event: 3.967 Thread 0x00007fe0448c3120 DEOPT UNPACKING pc=0x00007fe034990b19 sp=0x00007fe0246a3230 mode 2

Classes unloaded (0 events):
No events

Classes redefined (0 events):
No events

Internal exceptions (20 events):
Event: 0.977 Thread 0x00007fe044013960 Exception <a 'java/lang/NoSuchMethodError'{0x00000007112da668}: 'java.lang.Object java.lang.invoke.DirectMethodHandle$Holder.newInvokeSpecial(java.lang.Object, java.lang.Object, java.lang.Object, int)'> (0x00000007112da668) 
thrown [./src/hotspot/share/interpreter/linkResolver.cpp, line 758]
Event: 0.977 Thread 0x00007fe044013960 Exception <a 'java/lang/NoSuchMethodError'{0x00000007112de950}: 'java.lang.Object java.lang.invoke.DirectMethodHandle$Holder.invokeSpecial(java.lang.Object, java.lang.Object, java.lang.Object, java.lang.Object, int)'> (0x00000007112de950) 
thrown [./src/hotspot/share/interpreter/linkResolver.cpp, line 758]
Event: 0.977 Thread 0x00007fe044013960 Exception <a 'java/lang/NoSuchMethodError'{0x00000007112e2518}: 'java.lang.Object java.lang.invoke.Invokers$Holder.linkToTargetMethod(java.lang.Object, java.lang.Object, int, java.lang.Object)'> (0x00000007112e2518) 
thrown [./src/hotspot/share/interpreter/linkResolver.cpp, line 758]
Event: 1.087 Thread 0x00007fe044013960 Exception <a 'java/lang/NoSuchMethodError'{0x000000070ac49280}: 'java.lang.Object java.lang.invoke.DirectMethodHandle$Holder.invokeSpecial(java.lang.Object, java.lang.Object, long, java.lang.Object, java.lang.Object, java.lang.Object, java.lang.Object, java.lang.Object, java.lang.Object)'> (0x000000070ac49280) 
thrown [./src/hotspot/share/interpreter/linkResolver.cpp, line 758]
Event: 1.087 Thread 0x00007fe044013960 Exception <a 'java/lang/NoSuchMethodError'{0x000000070ac4dda8}: 'java.lang.Object java.lang.invoke.DelegatingMethodHandle$Holder.reinvoke_L(java.lang.Object, long, java.lang.Object, java.lang.Object, java.lang.Object, java.lang.Object, java.lang.Object, java.lang.Object)'> (0x000000070ac4dda8) 
thrown [./src/hotspot/share/interpreter/linkResolver.cpp, line 758]
Event: 1.132 Thread 0x00007fe044013960 Exception <a 'java/lang/NoSuchMethodError'{0x000000070a663d48}: 'int java.lang.invoke.DirectMethodHandle$Holder.invokeInterface(java.lang.Object, java.lang.Object, java.lang.Object, java.lang.Object)'> (0x000000070a663d48) 
thrown [./src/hotspot/share/interpreter/linkResolver.cpp, line 758]
Event: 1.152 Thread 0x00007fe044013960 Exception <a 'java/lang/NoSuchMethodError'{0x000000070a598a98}: 'long java.lang.invoke.DirectMethodHandle$Holder.invokeVirtual(java.lang.Object, java.lang.Object)'> (0x000000070a598a98) 
thrown [./src/hotspot/share/interpreter/linkResolver.cpp, line 758]
Event: 1.250 Thread 0x00007fe044013960 Exception <a 'java/lang/IncompatibleClassChangeError'{0x00000007104f37f0}: Found class java.lang.Object, but interface was expected> (0x00000007104f37f0) 
thrown [./src/hotspot/share/interpreter/linkResolver.cpp, line 826]
Event: 1.308 Thread 0x00007fe044013960 Exception <a 'java/lang/ClassNotFoundException'{0x0000000718c302a0}: org/springframework/boot/loader/jar/Handler> (0x0000000718c302a0) 
thrown [./src/hotspot/share/classfile/systemDictionary.cpp, line 256]
Event: 1.343 Thread 0x00007fe044013960 Exception <a 'java/lang/NoSuchMethodError'{0x0000000710883e68}: 'java.lang.Object java.lang.invoke.DirectMethodHandle$Holder.newInvokeSpecial(java.lang.Object, java.lang.Object, int, java.lang.Object, java.lang.Object)'> (0x0000000710883e68) 
thrown [./src/hotspot/share/interpreter/linkResolver.cpp, line 758]
Event: 1.343 Thread 0x00007fe044013960 Exception <a 'java/lang/NoSuchMethodError'{0x000000071088f4e0}: 'java.lang.Object java.lang.invoke.DirectMethodHandle$Holder.invokeSpecial(java.lang.Object, java.lang.Object, int, java.lang.Object, int, java.lang.Object)'> (0x000000071088f4e0) 
thrown [./src/hotspot/share/interpreter/linkResolver.cpp, line 758]
Event: 1.344 Thread 0x00007fe044013960 Exception <a 'java/lang/NoSuchMethodError'{0x0000000710897590}: 'java.lang.Object java.lang.invoke.DirectMethodHandle$Holder.newInvokeSpecial(java.lang.Object, java.lang.Object, int, java.lang.Object, int)'> (0x0000000710897590) 
thrown [./src/hotspot/share/interpreter/linkResolver.cpp, line 758]
Event: 1.344 Thread 0x00007fe044013960 Exception <a 'java/lang/NoSuchMethodError'{0x000000071089b690}: 'java.lang.Object java.lang.invoke.DirectMethodHandle$Holder.invokeSpecial(java.lang.Object, java.lang.Object, java.lang.Object, int, java.lang.Object, int)'> (0x000000071089b690) 
thrown [./src/hotspot/share/interpreter/linkResolver.cpp, line 758]
Event: 1.344 Thread 0x00007fe044013960 Exception <a 'java/lang/NoSuchMethodError'{0x00000007108af5c8}: 'void java.lang.invoke.DirectMethodHandle$Holder.invokeVirtual(java.lang.Object, java.lang.Object)'> (0x00000007108af5c8) 
thrown [./src/hotspot/share/interpreter/linkResolver.cpp, line 758]
Event: 3.870 Thread 0x00007fe0448c3120 Exception <a 'java/lang/NoSuchMethodError'{0x000000070b9ee8d8}: 'java.lang.Object java.lang.invoke.DirectMethodHandle$Holder.invokeSpecial(java.lang.Object, java.lang.Object, java.lang.Object, java.lang.Object, java.lang.Object, long)'> (0x000000070b9ee8d8) 
thrown [./src/hotspot/share/interpreter/linkResolver.cpp, line 758]
Event: 3.870 Thread 0x00007fe0448c3120 Exception <a 'java/lang/NoSuchMethodError'{0x000000070b9f2318}: 'java.lang.Object java.lang.invoke.Invokers$Holder.linkToTargetMethod(java.lang.Object, java.lang.Object, java.lang.Object, long, java.lang.Object)'> (0x000000070b9f2318) 
thrown [./src/hotspot/share/interpreter/linkResolver.cpp, line 758]
Event: 3.921 Thread 0x00007fe0448c3120 Implicit null exception at 0x00007fe0350ebf50 to 0x00007fe0350ebf77
Event: 3.927 Thread 0x00007fe0448c3120 Exception <a 'java/lang/ClassNotFoundException'{0x0000000718d40808}: sun/awt/resources/spi/awtProvider> (0x0000000718d40808) 
thrown [./src/hotspot/share/classfile/systemDictionary.cpp, line 256]
Event: 3.928 Thread 0x00007fe0448c3120 Exception <a 'java/io/FileNotFoundException'{0x0000000718d7bd48}> (0x0000000718d7bd48) 
thrown [./src/hotspot/share/prims/jni.cpp, line 516]
Event: 3.972 Thread 0x00007fe0448c3120 Exception <a 'java/lang/NoSuchMethodError'{0x000000071045d3c0}: static Lcom/iiitb/imageEffectApplication/model/LogModel;.<clinit>()V> (0x000000071045d3c0) 
thrown [./src/hotspot/share/prims/jni.cpp, line 1107]

VM Operations (20 events):
Event: 1.230 Executing VM operation: HandshakeAllThreads
Event: 1.230 Executing VM operation: HandshakeAllThreads done
Event: 1.265 Executing VM operation: HandshakeAllThreads
Event: 1.265 Executing VM operation: HandshakeAllThreads done
Event: 1.301 Executing VM operation: G1CollectForAllocation
Event: 1.305 Executing VM operation: G1CollectForAllocation done
Event: 2.305 Executing VM operation: Cleanup
Event: 2.305 Executing VM operation: Cleanup done
Event: 3.875 Executing VM operation: HandshakeAllThreads
Event: 3.875 Executing VM operation: HandshakeAllThreads done
Event: 3.875 Executing VM operation: Cleanup
Event: 3.875 Executing VM operation: Cleanup done
Event: 3.876 Executing VM operation: HandshakeAllThreads
Event: 3.876 Executing VM operation: HandshakeAllThreads done
Event: 3.915 Executing VM operation: HandshakeAllThreads
Event: 3.915 Executing VM operation: HandshakeAllThreads done
Event: 3.916 Executing VM operation: G1CollectForAllocation
Event: 3.919 Executing VM operation: G1CollectForAllocation done
Event: 3.925 Executing VM operation: HandshakeAllThreads
Event: 3.925 Executing VM operation: HandshakeAllThreads done

Events (20 events):
Event: 3.972 loading class java/io/ObjectInputStream$FieldValues
Event: 3.973 loading class java/io/ObjectInputStream$GetField
Event: 3.973 loading class java/io/ObjectInputStream$GetField done
Event: 3.973 loading class java/io/ObjectInputStream$FieldValues done
Event: 3.973 loading class java/io/SerialCallbackContext
Event: 3.973 loading class java/io/SerialCallbackContext done
Event: 3.977 loading class java/io/ObjectOutputStream$BlockDataOutputStream
Event: 3.977 loading class java/io/ObjectOutputStream$BlockDataOutputStream done
Event: 3.977 loading class java/io/ObjectOutputStream$HandleTable
Event: 3.977 loading class java/io/ObjectOutputStream$HandleTable done
Event: 3.977 loading class java/io/ObjectOutputStream$ReplaceTable
Event: 3.977 loading class java/io/ObjectOutputStream$ReplaceTable done
Event: 3.977 loading class jdk/internal/reflect/UnsafeQualifiedStaticLongFieldAccessorImpl
Event: 3.977 loading class jdk/internal/reflect/UnsafeQualifiedStaticLongFieldAccessorImpl done
Event: 3.977 loading class jdk/internal/reflect/UnsafeQualifiedStaticObjectFieldAccessorImpl
Event: 3.977 loading class jdk/internal/reflect/UnsafeQualifiedStaticObjectFieldAccessorImpl done
Event: 3.981 loading class java/io/File$TempDirectory
Event: 3.981 loading class java/io/File$TempDirectory done
Event: 3.982 loading class jdk/internal/loader/NativeLibraries$Unloader
Event: 3.982 loading class jdk/internal/loader/NativeLibraries$Unloader done


Dynamic libraries:
709600000-70ba00000 rw-p 00000000 00:00 0 
70ba00000-710400000 ---p 00000000 00:00 0 
710400000-710c00000 rw-p 00000000 00:00 0 
710c00000-718c00000 ---p 00000000 00:00 0 
718c00000-718e00000 rw-p 00000000 00:00 0 
718e00000-7ffc00000 ---p 00000000 00:00 0 
7ffc00000-7ffd00000 rw-p 00000000 00:00 0 
7ffd00000-7ffd75000 rw-p 00c75000 103:06 1705126                         /usr/lib/jvm/java-17-openjdk-amd64/lib/server/classes.jsa
7ffd75000-7ffe00000 rw-p 00000000 00:00 0 
7ffe00000-7ffe77000 rw-p 00bfe000 103:06 1705126                         /usr/lib/jvm/java-17-openjdk-amd64/lib/server/classes.jsa
7ffe77000-800000000 rw-p 00000000 00:00 0 
5587df008000-5587df009000 r--p 00000000 103:06 1442460                   /usr/lib/jvm/java-17-openjdk-amd64/bin/java
5587df009000-5587df00a000 r-xp 00001000 103:06 1442460                   /usr/lib/jvm/java-17-openjdk-amd64/bin/java
5587df00a000-5587df00b000 r--p 00002000 103:06 1442460                   /usr/lib/jvm/java-17-openjdk-amd64/bin/java
5587df00b000-5587df00c000 r--p 00002000 103:06 1442460                   /usr/lib/jvm/java-17-openjdk-amd64/bin/java
5587df00c000-5587df00d000 rw-p 00003000 103:06 1442460                   /usr/lib/jvm/java-17-openjdk-amd64/bin/java
5587dfa14000-5587dfa5b000 rw-p 00000000 00:00 0                          [heap]
7fdf28000000-7fdf28057000 rw-p 00000000 00:00 0 
7fdf28057000-7fdf2c000000 ---p 00000000 00:00 0 
7fdf30000000-7fdf30021000 rw-p 00000000 00:00 0 
7fdf30021000-7fdf34000000 ---p 00000000 00:00 0 
7fdf34000000-7fdf3402b000 rw-p 00000000 00:00 0 
7fdf3402b000-7fdf38000000 ---p 00000000 00:00 0 
7fdf38000000-7fdf38021000 rw-p 00000000 00:00 0 
7fdf38021000-7fdf3c000000 ---p 00000000 00:00 0 
7fdf3c000000-7fdf3c021000 rw-p 00000000 00:00 0 
7fdf3c021000-7fdf40000000 ---p 00000000 00:00 0 
7fdf40000000-7fdf40021000 rw-p 00000000 00:00 0 
7fdf40021000-7fdf44000000 ---p 00000000 00:00 0 
7fdf44000000-7fdf44021000 rw-p 00000000 00:00 0 
7fdf44021000-7fdf48000000 ---p 00000000 00:00 0 
7fdf48000000-7fdf48021000 rw-p 00000000 00:00 0 
7fdf48021000-7fdf4c000000 ---p 00000000 00:00 0 
7fdf4c000000-7fdf4c021000 rw-p 00000000 00:00 0 
7fdf4c021000-7fdf50000000 ---p 00000000 00:00 0 
7fdf50000000-7fdf50021000 rw-p 00000000 00:00 0 
7fdf50021000-7fdf54000000 ---p 00000000 00:00 0 
7fdf54000000-7fdf54021000 rw-p 00000000 00:00 0 
7fdf54021000-7fdf58000000 ---p 00000000 00:00 0 
7fdf58000000-7fdf585aa000 rw-p 00000000 00:00 0 
7fdf585aa000-7fdf5c000000 ---p 00000000 00:00 0 
7fdf5c000000-7fdf5c021000 rw-p 00000000 00:00 0 
7fdf5c021000-7fdf60000000 ---p 00000000 00:00 0 
7fdf60000000-7fdf60021000 rw-p 00000000 00:00 0 
7fdf60021000-7fdf64000000 ---p 00000000 00:00 0 
7fdf64000000-7fdf64021000 rw-p 00000000 00:00 0 
7fdf64021000-7fdf68000000 ---p 00000000 00:00 0 
7fdf68000000-7fdf68021000 rw-p 00000000 00:00 0 
7fdf68021000-7fdf6c000000 ---p 00000000 00:00 0 
7fdf6c000000-7fdf6c021000 rw-p 00000000 00:00 0 
7fdf6c021000-7fdf70000000 ---p 00000000 00:00 0 
7fdf70000000-7fdf704c8000 rw-p 00000000 00:00 0 
7fdf704c8000-7fdf74000000 ---p 00000000 00:00 0 
7fdf74000000-7fdf74021000 rw-p 00000000 00:00 0 
7fdf74021000-7fdf78000000 ---p 00000000 00:00 0 
7fdf78000000-7fdf78021000 rw-p 00000000 00:00 0 
7fdf78021000-7fdf7c000000 ---p 00000000 00:00 0 
7fdf7c000000-7fdf7c021000 rw-p 00000000 00:00 0 
7fdf7c021000-7fdf80000000 ---p 00000000 00:00 0 
7fdf80000000-7fdf80021000 rw-p 00000000 00:00 0 
7fdf80021000-7fdf84000000 ---p 00000000 00:00 0 
7fdf84000000-7fdf84021000 rw-p 00000000 00:00 0 
7fdf84021000-7fdf88000000 ---p 00000000 00:00 0 
7fdf88000000-7fdf88d47000 rw-p 00000000 00:00 0 
7fdf88d47000-7fdf8c000000 ---p 00000000 00:00 0 
7fdf8c000000-7fdf8c021000 rw-p 00000000 00:00 0 
7fdf8c021000-7fdf90000000 ---p 00000000 00:00 0 
7fdf90000000-7fdf90021000 rw-p 00000000 00:00 0 
7fdf90021000-7fdf94000000 ---p 00000000 00:00 0 
7fdf94000000-7fdf94b25000 rw-p 00000000 00:00 0 
7fdf94b25000-7fdf98000000 ---p 00000000 00:00 0 
7fdf98000000-7fdf98021000 rw-p 00000000 00:00 0 
7fdf98021000-7fdf9c000000 ---p 00000000 00:00 0 
7fdf9c000000-7fdf9c021000 rw-p 00000000 00:00 0 
7fdf9c021000-7fdfa0000000 ---p 00000000 00:00 0 
7fdfa0000000-7fdfa063d000 rw-p 00000000 00:00 0 
7fdfa063d000-7fdfa4000000 ---p 00000000 00:00 0 
7fdfa4000000-7fdfa4021000 rw-p 00000000 00:00 0 
7fdfa4021000-7fdfa8000000 ---p 00000000 00:00 0 
7fdfa8000000-7fdfa8021000 rw-p 00000000 00:00 0 
7fdfa8021000-7fdfac000000 ---p 00000000 00:00 0 
7fdfac000000-7fdfad019000 rw-p 00000000 00:00 0 
7fdfad019000-7fdfb0000000 ---p 00000000 00:00 0 
7fdfb0000000-7fdfb0021000 rw-p 00000000 00:00 0 
7fdfb0021000-7fdfb4000000 ---p 00000000 00:00 0 
7fdfb4000000-7fdfb4021000 rw-p 00000000 00:00 0 
7fdfb4021000-7fdfb8000000 ---p 00000000 00:00 0 
7fdfb8000000-7fdfb8021000 rw-p 00000000 00:00 0 
7fdfb8021000-7fdfbc000000 ---p 00000000 00:00 0 
7fdfbc000000-7fdfbc021000 rw-p 00000000 00:00 0 
7fdfbc021000-7fdfc0000000 ---p 00000000 00:00 0 
7fdfc0000000-7fdfc0021000 rw-p 00000000 00:00 0 
7fdfc0021000-7fdfc4000000 ---p 00000000 00:00 0 
7fdfc7000000-7fdfc7bc6000 rw-p 00001000 103:06 1705126                   /usr/lib/jvm/java-17-openjdk-amd64/lib/server/classes.jsa
7fdfc7bc6000-7fdfc8000000 ---p 00000000 00:00 0 
7fdfc8000000-7fdfc8030000 rw-p 00000000 00:00 0 
7fdfc8030000-7fdfc8070000 rw-p 00000000 00:00 0 
7fdfc8070000-7fdfc80f0000 rw-p 00000000 00:00 0 
7fdfc80f0000-7fdfc82b0000 rw-p 00000000 00:00 0 
7fdfc82b0000-7fdfc82f0000 rw-p 00000000 00:00 0 
7fdfc82f0000-7fdfc83b0000 rw-p 00000000 00:00 0 
7fdfc83b0000-7fdfc83f0000 rw-p 00000000 00:00 0 
7fdfc83f0000-7fdfc8400000 ---p 00000000 00:00 0 
7fdfc8400000-7fdfc8410000 rw-p 00000000 00:00 0 
7fdfc8410000-7fe008000000 ---p 00000000 00:00 0 
7fe008000000-7fe008021000 rw-p 00000000 00:00 0 
7fe008021000-7fe00c000000 ---p 00000000 00:00 0 
7fe00c000000-7fe00c3f0000 rw-p 00000000 00:00 0 
7fe00c3f0000-7fe00d1b0000 rw-p 00000000 00:00 0 
7fe00d1b0000-7fe00d1f0000 rw-p 00000000 00:00 0 
7fe00d1f0000-7fe00d2f0000 rw-p 00000000 00:00 0 
7fe00d2f0000-7fe00d3f0000 rw-p 00000000 00:00 0 
7fe00d3f0000-7fe00d570000 rw-p 00000000 00:00 0 
7fe00d570000-7fe00d5f0000 rw-p 00000000 00:00 0 
7fe00d5f0000-7fe00d7b0000 rw-p 00000000 00:00 0 
7fe00d7b0000-7fe00d8f0000 rw-p 00000000 00:00 0 
7fe00d8f0000-7fe00d9f0000 rw-p 00000000 00:00 0 
7fe00d9f0000-7fe00da50000 rw-p 00000000 00:00 0 
7fe00da50000-7fe00db00000 ---p 00000000 00:00 0 
7fe00db00000-7fe00db60000 rw-p 00000000 00:00 0 
7fe00db60000-7fe010000000 ---p 00000000 00:00 0 
7fe010000000-7fe010021000 rw-p 00000000 00:00 0 
7fe010021000-7fe014000000 ---p 00000000 00:00 0 
7fe015575000-7fe015801000 rw-p 00000000 00:00 0 
7fe015801000-7fe015805000 ---p 00000000 00:00 0 
7fe015805000-7fe015901000 rw-p 00000000 00:00 0 
7fe015901000-7fe01592b000 r--p 00000000 103:06 1578122                   /usr/lib/jvm/java-17-openjdk-amd64/lib/libawt.so
7fe01592b000-7fe0159c2000 r-xp 0002a000 103:06 1578122                   /usr/lib/jvm/java-17-openjdk-amd64/lib/libawt.so
7fe0159c2000-7fe0159cf000 r--p 000c1000 103:06 1578122                   /usr/lib/jvm/java-17-openjdk-amd64/lib/libawt.so
7fe0159cf000-7fe0159d0000 r--p 000cd000 103:06 1578122                   /usr/lib/jvm/java-17-openjdk-amd64/lib/libawt.so
7fe0159d0000-7fe0159db000 rw-p 000ce000 103:06 1578122                   /usr/lib/jvm/java-17-openjdk-amd64/lib/libawt.so
7fe0159db000-7fe015a00000 rw-p 00000000 00:00 0 
7fe015a00000-7fe015a04000 ---p 00000000 00:00 0 
7fe015a04000-7fe015b00000 rw-p 00000000 00:00 0 
7fe015b00000-7fe015b04000 ---p 00000000 00:00 0 
7fe015b04000-7fe015c00000 rw-p 00000000 00:00 0 
7fe015c00000-7fe015c04000 ---p 00000000 00:00 0 
7fe015c04000-7fe015d00000 rw-p 00000000 00:00 0 
7fe015d00000-7fe015d04000 ---p 00000000 00:00 0 
7fe015d04000-7fe015e00000 rw-p 00000000 00:00 0 
7fe015e00000-7fe015e04000 ---p 00000000 00:00 0 
7fe015e04000-7fe015f00000 rw-p 00000000 00:00 0 
7fe015f00000-7fe015f04000 ---p 00000000 00:00 0 
7fe015f04000-7fe018021000 rw-p 00000000 00:00 0 
7fe018021000-7fe01c000000 ---p 00000000 00:00 0 
7fe01c000000-7fe01c021000 rw-p 00000000 00:00 0 
7fe01c021000-7fe020000000 ---p 00000000 00:00 0 
7fe020000000-7fe020021000 rw-p 00000000 00:00 0 
7fe020021000-7fe024000000 ---p 00000000 00:00 0 
7fe0240a7000-7fe0240ab000 ---p 00000000 00:00 0 
7fe0240ab000-7fe0241a7000 rw-p 00000000 00:00 0 
7fe0241a7000-7fe0241ab000 ---p 00000000 00:00 0 
7fe0241ab000-7fe0242a7000 rw-p 00000000 00:00 0 
7fe0242a7000-7fe0242ab000 ---p 00000000 00:00 0 
7fe0242ab000-7fe0243a7000 rw-p 00000000 00:00 0 
7fe0243a7000-7fe0243ab000 ---p 00000000 00:00 0 
7fe0243ab000-7fe0244a7000 rw-p 00000000 00:00 0 
7fe0244a7000-7fe0244ab000 ---p 00000000 00:00 0 
7fe0244ab000-7fe0245a7000 rw-p 00000000 00:00 0 
7fe0245a7000-7fe0245ab000 ---p 00000000 00:00 0 
7fe0245ab000-7fe0246a7000 rw-p 00000000 00:00 0 
7fe0246a7000-7fe0246ab000 ---p 00000000 00:00 0 
7fe0246ab000-7fe0247a7000 rw-p 00000000 00:00 0 
7fe0247a7000-7fe0247ab000 ---p 00000000 00:00 0 
7fe0247ab000-7fe0248a7000 rw-p 00000000 00:00 0 
7fe0248a7000-7fe0248a8000 ---p 00000000 00:00 0 
7fe0248a8000-7fe0249a8000 rw-p 00000000 00:00 0 
7fe0249a8000-7fe0249a9000 ---p 00000000 00:00 0 
7fe0249a9000-7fe024aa9000 rw-p 00000000 00:00 0 
7fe024aa9000-7fe024aaa000 ---p 00000000 00:00 0 
7fe024aaa000-7fe024baa000 rw-p 00000000 00:00 0 
7fe024baa000-7fe024bae000 ---p 00000000 00:00 0 
7fe024bae000-7fe024caa000 rw-p 00000000 00:00 0 
7fe024caa000-7fe024cab000 ---p 00000000 00:00 0 
7fe024cab000-7fe024dab000 rw-p 00000000 00:00 0 
7fe024dab000-7fe024dac000 ---p 00000000 00:00 0 
7fe024dac000-7fe024eac000 rw-p 00000000 00:00 0 
7fe024eac000-7fe024ead000 ---p 00000000 00:00 0 
7fe024ead000-7fe024fad000 rw-p 00000000 00:00 0 
7fe024fad000-7fe024fae000 ---p 00000000 00:00 0 
7fe024fae000-7fe0250ae000 rw-p 00000000 00:00 0 
7fe0250ae000-7fe0250af000 ---p 00000000 00:00 0 
7fe0250af000-7fe0251af000 rw-p 00000000 00:00 0 
7fe0251af000-7fe0251b3000 ---p 00000000 00:00 0 
7fe0251b3000-7fe0252af000 rw-p 00000000 00:00 0 
7fe0252af000-7fe0252b3000 ---p 00000000 00:00 0 
7fe0252b3000-7fe0253af000 rw-p 00000000 00:00 0 
7fe0253af000-7fe0253b3000 ---p 00000000 00:00 0 
7fe0253b3000-7fe0254af000 rw-p 00000000 00:00 0 
7fe0254af000-7fe0254b0000 ---p 00000000 00:00 0 
7fe0254b0000-7fe0255b0000 rw-p 00000000 00:00 0 
7fe0255b0000-7fe0255b4000 ---p 00000000 00:00 0 
7fe0255b4000-7fe0256b0000 rw-p 00000000 00:00 0 
7fe0256b0000-7fe0256b4000 ---p 00000000 00:00 0 
7fe0256b4000-7fe0257b0000 rw-p 00000000 00:00 0 
7fe0257b0000-7fe0257b4000 ---p 00000000 00:00 0 
7fe0257b4000-7fe025940000 rw-p 00000000 00:00 0 
7fe025940000-7fe025a68000 ---p 00000000 00:00 0 
7fe025a68000-7fe025a88000 rw-p 00000000 00:00 0 
7fe025a88000-7fe025c88000 ---p 00000000 00:00 0 
7fe025c88000-7fe025c90000 rw-p 00000000 00:00 0 
7fe025c90000-7fe029648000 ---p 00000000 00:00 0 
7fe029648000-7fe0296e8000 rw-p 00000000 00:00 0 
7fe0296e8000-7fe029810000 ---p 00000000 00:00 0 
7fe029810000-7fe029830000 rw-p 00000000 00:00 0 
7fe029830000-7fe029a30000 ---p 00000000 00:00 0 
7fe029a30000-7fe029a38000 rw-p 00000000 00:00 0 
7fe029a38000-7fe02d3f0000 ---p 00000000 00:00 0 
7fe02d3f0000-7fe02d400000 rw-p 00000000 00:00 0 
7fe02d400000-7fe02db50000 rwxp 00000000 00:00 0 
7fe02db50000-7fe034937000 ---p 00000000 00:00 0 
7fe034937000-7fe034ba7000 rwxp 00000000 00:00 0 
7fe034ba7000-7fe034ec9000 ---p 00000000 00:00 0 
7fe034ec9000-7fe035139000 rwxp 00000000 00:00 0 
7fe035139000-7fe03c400000 ---p 00000000 00:00 0 
7fe03c400000-7fe043e67000 r--s 00000000 103:06 1621158                   /usr/lib/jvm/java-17-openjdk-amd64/lib/modules
7fe043f00000-7fe043f04000 ---p 00000000 00:00 0 
7fe043f04000-7fe0451f7000 rw-p 00000000 00:00 0 
7fe0451f7000-7fe048000000 ---p 00000000 00:00 0 
7fe048000000-7fe048004000 ---p 00000000 00:00 0 
7fe048004000-7fe048100000 rw-p 00000000 00:00 0 
7fe048100000-7fe048104000 ---p 00000000 00:00 0 
7fe048104000-7fe048200000 rw-p 00000000 00:00 0 
7fe048200000-7fe048774000 r--p 00000000 103:06 788753                    /usr/lib/locale/locale-archive
7fe0487d0000-7fe0487d4000 ---p 00000000 00:00 0 
7fe0487d4000-7fe0488d0000 rw-p 00000000 00:00 0 
7fe0488d0000-7fe0488d4000 ---p 00000000 00:00 0 
7fe0488d4000-7fe0489d0000 rw-p 00000000 00:00 0 
7fe0489d0000-7fe0489d4000 ---p 00000000 00:00 0 
7fe0489d4000-7fe048ad0000 rw-p 00000000 00:00 0 
7fe048ad0000-7fe048ad1000 ---p 00000000 00:00 0 
7fe048ad1000-7fe048bd1000 rw-p 00000000 00:00 0 
7fe048bd1000-7fe048bd6000 r--p 00000000 103:06 1621143                   /usr/lib/jvm/java-17-openjdk-amd64/lib/libjsvml.so
7fe048bd6000-7fe048c17000 r-xp 00005000 103:06 1621143                   /usr/lib/jvm/java-17-openjdk-amd64/lib/libjsvml.so
7fe048c17000-7fe048ca0000 r--p 00046000 103:06 1621143                   /usr/lib/jvm/java-17-openjdk-amd64/lib/libjsvml.so
7fe048ca0000-7fe048ca1000 r--p 000ce000 103:06 1621143                   /usr/lib/jvm/java-17-openjdk-amd64/lib/libjsvml.so
7fe048ca1000-7fe048ca2000 rw-p 000cf000 103:06 1621143                   /usr/lib/jvm/java-17-openjdk-amd64/lib/libjsvml.so
7fe048ca2000-7fe048dbf000 rw-p 00000000 00:00 0 
7fe048dd0000-7fe048dd7000 r--s 00000000 103:06 1446581                   /usr/lib/x86_64-linux-gnu/gconv/gconv-modules.cache
7fe048dd7000-7fe048ddf000 r--p 00000000 103:06 7741342                   /tmp/temp-SharpenLib8993532377525971369
7fe048ddf000-7fe048de6000 r-xp 00008000 103:06 7741342                   /tmp/temp-SharpenLib8993532377525971369
7fe048de6000-7fe048de9000 r--p 0000f000 103:06 7741342                   /tmp/temp-SharpenLib8993532377525971369
7fe048de9000-7fe048dea000 r--p 00011000 103:06 7741342                   /tmp/temp-SharpenLib8993532377525971369
7fe048dea000-7fe048deb000 rw-p 00012000 103:06 7741342                   /tmp/temp-SharpenLib8993532377525971369
7fe048deb000-7fe048dee000 r--p 00000000 103:06 1578123                   /usr/lib/jvm/java-17-openjdk-amd64/lib/libawt_headless.so
7fe048dee000-7fe048df2000 r-xp 00003000 103:06 1578123                   /usr/lib/jvm/java-17-openjdk-amd64/lib/libawt_headless.so
7fe048df2000-7fe048df4000 r--p 00007000 103:06 1578123                   /usr/lib/jvm/java-17-openjdk-amd64/lib/libawt_headless.so
7fe048df4000-7fe048df5000 r--p 00008000 103:06 1578123                   /usr/lib/jvm/java-17-openjdk-amd64/lib/libawt_headless.so
7fe048df5000-7fe048df6000 rw-p 00009000 103:06 1578123                   /usr/lib/jvm/java-17-openjdk-amd64/lib/libawt_headless.so
7fe048df6000-7fe048df7000 ---p 00000000 00:00 0 
7fe048df7000-7fe048ef7000 rw-p 00000000 00:00 0 
7fe048ef7000-7fe048ef8000 ---p 00000000 00:00 0 
7fe048ef8000-7fe049800000 rw-p 00000000 00:00 0 
7fe049800000-7fe049801000 ---p 00000000 00:00 0 
7fe049801000-7fe049901000 rw-p 00000000 00:00 0 
7fe049901000-7fe049902000 ---p 00000000 00:00 0 
7fe049902000-7fe049a02000 rw-p 00000000 00:00 0 
7fe049a02000-7fe049a03000 ---p 00000000 00:00 0 
7fe049a03000-7fe049b15000 rw-p 00000000 00:00 0 
7fe049b15000-7fe049b3a000 ---p 00000000 00:00 0 
7fe049b3a000-7fe049b3e000 rw-p 00000000 00:00 0 
7fe049b3e000-7fe049b7e000 ---p 00000000 00:00 0 
7fe049b7e000-7fe049b7f000 rw-p 00000000 00:00 0 
7fe049b7f000-7fe04a2b6000 ---p 00000000 00:00 0 
7fe04a2b6000-7fe04a2ca000 rw-p 00000000 00:00 0 
7fe04a2ca000-7fe04a2ef000 ---p 00000000 00:00 0 
7fe04a2ef000-7fe04a2f3000 rw-p 00000000 00:00 0 
7fe04a2f3000-7fe04a333000 ---p 00000000 00:00 0 
7fe04a333000-7fe04a334000 rw-p 00000000 00:00 0 
7fe04a334000-7fe04aa6b000 ---p 00000000 00:00 0 
7fe04aa6b000-7fe04aa7f000 rw-p 00000000 00:00 0 
7fe04aa7f000-7fe04aaa4000 ---p 00000000 00:00 0 
7fe04aaa4000-7fe04aaa8000 rw-p 00000000 00:00 0 
7fe04aaa8000-7fe04aae8000 ---p 00000000 00:00 0 
7fe04aae8000-7fe04aae9000 rw-p 00000000 00:00 0 
7fe04aae9000-7fe04b220000 ---p 00000000 00:00 0 
7fe04b220000-7fe04ba2f000 rw-p 00000000 00:00 0 
7fe04ba2f000-7fe04bb15000 ---p 00000000 00:00 0 
7fe04bb15000-7fe04bb24000 rw-p 00000000 00:00 0 
7fe04bb24000-7fe04bc00000 ---p 00000000 00:00 0 
7fe04bc00000-7fe04bc9c000 r--p 00000000 103:06 792029                    /usr/lib/x86_64-linux-gnu/libstdc++.so.6.0.32
7fe04bc9c000-7fe04bdcd000 r-xp 0009c000 103:06 792029                    /usr/lib/x86_64-linux-gnu/libstdc++.so.6.0.32
7fe04bdcd000-7fe04be5a000 r--p 001cd000 103:06 792029                    /usr/lib/x86_64-linux-gnu/libstdc++.so.6.0.32
7fe04be5a000-7fe04be65000 r--p 0025a000 103:06 792029                    /usr/lib/x86_64-linux-gnu/libstdc++.so.6.0.32
7fe04be65000-7fe04be68000 rw-p 00265000 103:06 792029                    /usr/lib/x86_64-linux-gnu/libstdc++.so.6.0.32
7fe04be68000-7fe04be6c000 rw-p 00000000 00:00 0 
7fe04be6c000-7fe04be6e000 r--p 00000000 103:06 1621147                   /usr/lib/jvm/java-17-openjdk-amd64/lib/libmanagement_ext.so
7fe04be6e000-7fe04be71000 r-xp 00002000 103:06 1621147                   /usr/lib/jvm/java-17-openjdk-amd64/lib/libmanagement_ext.so
7fe04be71000-7fe04be73000 r--p 00005000 103:06 1621147                   /usr/lib/jvm/java-17-openjdk-amd64/lib/libmanagement_ext.so
7fe04be73000-7fe04be74000 r--p 00006000 103:06 1621147                   /usr/lib/jvm/java-17-openjdk-amd64/lib/libmanagement_ext.so
7fe04be74000-7fe04be75000 rw-p 00007000 103:06 1621147                   /usr/lib/jvm/java-17-openjdk-amd64/lib/libmanagement_ext.so
7fe04be75000-7fe04be77000 r--p 00000000 103:06 1621157                   /usr/lib/jvm/java-17-openjdk-amd64/lib/libzip.so
7fe04be77000-7fe04be7c000 r-xp 00002000 103:06 1621157                   /usr/lib/jvm/java-17-openjdk-amd64/lib/libzip.so
7fe04be7c000-7fe04be7e000 r--p 00007000 103:06 1621157                   /usr/lib/jvm/java-17-openjdk-amd64/lib/libzip.so
7fe04be7e000-7fe04be7f000 r--p 00008000 103:06 1621157                   /usr/lib/jvm/java-17-openjdk-amd64/lib/libzip.so
7fe04be7f000-7fe04be80000 rw-p 00009000 103:06 1621157                   /usr/lib/jvm/java-17-openjdk-amd64/lib/libzip.so
7fe04be80000-7fe04bf00000 rw-p 00000000 00:00 0 
7fe04bf00000-7fe04bf04000 ---p 00000000 00:00 0 
7fe04bf04000-7fe04c000000 rw-p 00000000 00:00 0 
7fe04c000000-7fe04c251000 r--p 00000000 103:06 1705129                   /usr/lib/jvm/java-17-openjdk-amd64/lib/server/libjvm.so
7fe04c251000-7fe04cfba000 r-xp 00251000 103:06 1705129                   /usr/lib/jvm/java-17-openjdk-amd64/lib/server/libjvm.so
7fe04cfba000-7fe04d23a000 r--p 00fba000 103:06 1705129                   /usr/lib/jvm/java-17-openjdk-amd64/lib/server/libjvm.so
7fe04d23a000-7fe04d2f2000 r--p 0123a000 103:06 1705129                   /usr/lib/jvm/java-17-openjdk-amd64/lib/server/libjvm.so
7fe04d2f2000-7fe04d327000 rw-p 012f2000 103:06 1705129                   /usr/lib/jvm/java-17-openjdk-amd64/lib/server/libjvm.so
7fe04d327000-7fe04d381000 rw-p 00000000 00:00 0 
7fe04d381000-7fe04d383000 r--p 00000000 103:06 1621145                   /usr/lib/jvm/java-17-openjdk-amd64/lib/libmanagement.so
7fe04d383000-7fe04d384000 r-xp 00002000 103:06 1621145                   /usr/lib/jvm/java-17-openjdk-amd64/lib/libmanagement.so
7fe04d384000-7fe04d385000 r--p 00003000 103:06 1621145                   /usr/lib/jvm/java-17-openjdk-amd64/lib/libmanagement.so
7fe04d385000-7fe04d386000 r--p 00003000 103:06 1621145                   /usr/lib/jvm/java-17-openjdk-amd64/lib/libmanagement.so
7fe04d386000-7fe04d387000 rw-p 00004000 103:06 1621145                   /usr/lib/jvm/java-17-openjdk-amd64/lib/libmanagement.so
7fe04d387000-7fe04d38b000 r--p 00000000 103:06 1621149                   /usr/lib/jvm/java-17-openjdk-amd64/lib/libnet.so
7fe04d38b000-7fe04d399000 r-xp 00004000 103:06 1621149                   /usr/lib/jvm/java-17-openjdk-amd64/lib/libnet.so
7fe04d399000-7fe04d39d000 r--p 00012000 103:06 1621149                   /usr/lib/jvm/java-17-openjdk-amd64/lib/libnet.so
7fe04d39d000-7fe04d39e000 r--p 00015000 103:06 1621149                   /usr/lib/jvm/java-17-openjdk-amd64/lib/libnet.so
7fe04d39e000-7fe04d39f000 rw-p 00016000 103:06 1621149                   /usr/lib/jvm/java-17-openjdk-amd64/lib/libnet.so
7fe04d39f000-7fe04d3a6000 r--p 00000000 103:06 1621150                   /usr/lib/jvm/java-17-openjdk-amd64/lib/libnio.so
7fe04d3a6000-7fe04d3af000 r-xp 00007000 103:06 1621150                   /usr/lib/jvm/java-17-openjdk-amd64/lib/libnio.so
7fe04d3af000-7fe04d3b3000 r--p 00010000 103:06 1621150                   /usr/lib/jvm/java-17-openjdk-amd64/lib/libnio.so
7fe04d3b3000-7fe04d3b4000 r--p 00014000 103:06 1621150                   /usr/lib/jvm/java-17-openjdk-amd64/lib/libnio.so
7fe04d3b4000-7fe04d3b5000 rw-p 00015000 103:06 1621150                   /usr/lib/jvm/java-17-openjdk-amd64/lib/libnio.so
7fe04d3b5000-7fe04d3c1000 r--p 00000000 103:06 1588037                   /usr/lib/jvm/java-17-openjdk-amd64/lib/libjava.so
7fe04d3c1000-7fe04d3d3000 r-xp 0000c000 103:06 1588037                   /usr/lib/jvm/java-17-openjdk-amd64/lib/libjava.so
7fe04d3d3000-7fe04d3d9000 r--p 0001e000 103:06 1588037                   /usr/lib/jvm/java-17-openjdk-amd64/lib/libjava.so
7fe04d3d9000-7fe04d3da000 r--p 00023000 103:06 1588037                   /usr/lib/jvm/java-17-openjdk-amd64/lib/libjava.so
7fe04d3da000-7fe04d3db000 rw-p 00024000 103:06 1588037                   /usr/lib/jvm/java-17-openjdk-amd64/lib/libjava.so
7fe04d3db000-7fe04d3dc000 rw-p 00000000 00:00 0 
7fe04d3dc000-7fe04d3df000 r--p 00000000 103:06 786629                    /usr/lib/x86_64-linux-gnu/libgcc_s.so.1
7fe04d3df000-7fe04d3fa000 r-xp 00003000 103:06 786629                    /usr/lib/x86_64-linux-gnu/libgcc_s.so.1
7fe04d3fa000-7fe04d3fe000 r--p 0001e000 103:06 786629                    /usr/lib/x86_64-linux-gnu/libgcc_s.so.1
7fe04d3fe000-7fe04d3ff000 r--p 00021000 103:06 786629                    /usr/lib/x86_64-linux-gnu/libgcc_s.so.1
7fe04d3ff000-7fe04d400000 rw-p 00022000 103:06 786629                    /usr/lib/x86_64-linux-gnu/libgcc_s.so.1
7fe04d400000-7fe04d426000 r--p 00000000 103:06 788667                    /usr/lib/x86_64-linux-gnu/libc.so.6
7fe04d426000-7fe04d5a5000 r-xp 00026000 103:06 788667                    /usr/lib/x86_64-linux-gnu/libc.so.6
7fe04d5a5000-7fe04d5fa000 r--p 001a5000 103:06 788667                    /usr/lib/x86_64-linux-gnu/libc.so.6
7fe04d5fa000-7fe04d5fe000 r--p 001f9000 103:06 788667                    /usr/lib/x86_64-linux-gnu/libc.so.6
7fe04d5fe000-7fe04d600000 rw-p 001fd000 103:06 788667                    /usr/lib/x86_64-linux-gnu/libc.so.6
7fe04d600000-7fe04d612000 rw-p 00000000 00:00 0 
7fe04d612000-7fe04d619000 ---p 00000000 00:00 0 
7fe04d619000-7fe04d629000 r--p 00000000 103:06 788671                    /usr/lib/x86_64-linux-gnu/libm.so.6
7fe04d629000-7fe04d6a9000 r-xp 00010000 103:06 788671                    /usr/lib/x86_64-linux-gnu/libm.so.6
7fe04d6a9000-7fe04d702000 r--p 00090000 103:06 788671                    /usr/lib/x86_64-linux-gnu/libm.so.6
7fe04d702000-7fe04d703000 r--p 000e8000 103:06 788671                    /usr/lib/x86_64-linux-gnu/libm.so.6
7fe04d703000-7fe04d704000 rw-p 000e9000 103:06 788671                    /usr/lib/x86_64-linux-gnu/libm.so.6
7fe04d704000-7fe04d707000 rw-p 00000000 00:00 0 
7fe04d707000-7fe04d709000 r--p 00000000 103:06 1588043                   /usr/lib/jvm/java-17-openjdk-amd64/lib/libjli.so
7fe04d709000-7fe04d713000 r-xp 00002000 103:06 1588043                   /usr/lib/jvm/java-17-openjdk-amd64/lib/libjli.so
7fe04d713000-7fe04d716000 r--p 0000c000 103:06 1588043                   /usr/lib/jvm/java-17-openjdk-amd64/lib/libjli.so
7fe04d716000-7fe04d717000 r--p 0000f000 103:06 1588043                   /usr/lib/jvm/java-17-openjdk-amd64/lib/libjli.so
7fe04d717000-7fe04d718000 rw-p 00010000 103:06 1588043                   /usr/lib/jvm/java-17-openjdk-amd64/lib/libjli.so
7fe04d718000-7fe04d71b000 r--p 00000000 103:06 789210                    /usr/lib/x86_64-linux-gnu/libz.so.1.2.13
7fe04d71b000-7fe04d72e000 r-xp 00003000 103:06 789210                    /usr/lib/x86_64-linux-gnu/libz.so.1.2.13
7fe04d72e000-7fe04d735000 r--p 00016000 103:06 789210                    /usr/lib/x86_64-linux-gnu/libz.so.1.2.13
7fe04d735000-7fe04d736000 r--p 0001c000 103:06 789210                    /usr/lib/x86_64-linux-gnu/libz.so.1.2.13
7fe04d736000-7fe04d737000 rw-p 0001d000 103:06 789210                    /usr/lib/x86_64-linux-gnu/libz.so.1.2.13
7fe04d737000-7fe04d738000 r--p 00000000 103:06 1578125                   /usr/lib/jvm/java-17-openjdk-amd64/lib/libextnet.so
7fe04d738000-7fe04d739000 r-xp 00001000 103:06 1578125                   /usr/lib/jvm/java-17-openjdk-amd64/lib/libextnet.so
7fe04d739000-7fe04d73a000 r--p 00002000 103:06 1578125                   /usr/lib/jvm/java-17-openjdk-amd64/lib/libextnet.so
7fe04d73a000-7fe04d73b000 r--p 00002000 103:06 1578125                   /usr/lib/jvm/java-17-openjdk-amd64/lib/libextnet.so
7fe04d73b000-7fe04d73c000 rw-p 00003000 103:06 1578125                   /usr/lib/jvm/java-17-openjdk-amd64/lib/libextnet.so
7fe04d73c000-7fe04d744000 rw-s 00000000 103:06 7733537                   /tmp/hsperfdata_dyuthi/287288
7fe04d744000-7fe04d745000 ---p 00000000 00:00 0 
7fe04d745000-7fe04d746000 r--p 00000000 00:00 0 
7fe04d746000-7fe04d747000 ---p 00000000 00:00 0 
7fe04d747000-7fe04d749000 r--p 00000000 103:06 1588041                   /usr/lib/jvm/java-17-openjdk-amd64/lib/libjimage.so
7fe04d749000-7fe04d74c000 r-xp 00002000 103:06 1588041                   /usr/lib/jvm/java-17-openjdk-amd64/lib/libjimage.so
7fe04d74c000-7fe04d74d000 r--p 00005000 103:06 1588041                   /usr/lib/jvm/java-17-openjdk-amd64/lib/libjimage.so
7fe04d74d000-7fe04d74e000 r--p 00006000 103:06 1588041                   /usr/lib/jvm/java-17-openjdk-amd64/lib/libjimage.so
7fe04d74e000-7fe04d74f000 rw-p 00007000 103:06 1588041                   /usr/lib/jvm/java-17-openjdk-amd64/lib/libjimage.so
7fe04d74f000-7fe04d751000 rw-p 00000000 00:00 0 
7fe04d751000-7fe04d752000 r--p 00000000 103:06 788659                    /usr/lib/x86_64-linux-gnu/ld-linux-x86-64.so.2
7fe04d752000-7fe04d77c000 r-xp 00001000 103:06 788659                    /usr/lib/x86_64-linux-gnu/ld-linux-x86-64.so.2
7fe04d77c000-7fe04d786000 r--p 0002b000 103:06 788659                    /usr/lib/x86_64-linux-gnu/ld-linux-x86-64.so.2
7fe04d786000-7fe04d788000 r--p 00035000 103:06 788659                    /usr/lib/x86_64-linux-gnu/ld-linux-x86-64.so.2
7fe04d788000-7fe04d78a000 rw-p 00037000 103:06 788659                    /usr/lib/x86_64-linux-gnu/ld-linux-x86-64.so.2
7ffcf392d000-7ffcf394e000 rw-p 00000000 00:00 0                          [stack]
7ffcf39ee000-7ffcf39f2000 r--p 00000000 00:00 0                          [vvar]
7ffcf39f2000-7ffcf39f4000 r-xp 00000000 00:00 0                          [vdso]
ffffffffff600000-ffffffffff601000 --xp 00000000 00:00 0                  [vsyscall]


VM Arguments:
java_command: target/imageEffectApplication-0.0.1-SNAPSHOT.jar
java_class_path (initial): target/imageEffectApplication-0.0.1-SNAPSHOT.jar
Launcher Type: SUN_STANDARD

[Global flags]
     intx CICompilerCount                          = 4                                         {product} {ergonomic}
     uint ConcGCThreads                            = 2                                         {product} {ergonomic}
     uint G1ConcRefinementThreads                  = 8                                         {product} {ergonomic}
   size_t G1HeapRegionSize                         = 2097152                                   {product} {ergonomic}
    uintx GCDrainStackTargetSize                   = 64                                        {product} {ergonomic}
   size_t InitialHeapSize                          = 260046848                                 {product} {ergonomic}
   size_t MarkStackSize                            = 4194304                                   {product} {ergonomic}
   size_t MaxHeapSize                              = 4137680896                                {product} {ergonomic}
   size_t MaxNewSize                               = 2480930816                                {product} {ergonomic}
   size_t MinHeapDeltaBytes                        = 2097152                                   {product} {ergonomic}
   size_t MinHeapSize                              = 8388608                                   {product} {ergonomic}
    uintx NonNMethodCodeHeapSize                   = 5839372                                {pd product} {ergonomic}
    uintx NonProfiledCodeHeapSize                  = 122909434                              {pd product} {ergonomic}
    uintx ProfiledCodeHeapSize                     = 122909434                              {pd product} {ergonomic}
    uintx ReservedCodeCacheSize                    = 251658240                              {pd product} {ergonomic}
     bool SegmentedCodeCache                       = true                                      {product} {ergonomic}
   size_t SoftMaxHeapSize                          = 4137680896                             {manageable} {ergonomic}
     bool UseCompressedClassPointers               = true                           {product lp64_product} {ergonomic}
     bool UseCompressedOops                        = true                           {product lp64_product} {ergonomic}
     bool UseG1GC                                  = true                                      {product} {ergonomic}

Logging:
Log output configuration:
 #0: stdout all=warning uptime,level,tags
 #1: stderr all=off uptime,level,tags

Environment Variables:
PATH=/opt/apache-maven-3.9.5/bin:/home/dyuthi/anaconda3/bin:/home/dyuthi/anaconda3/condabin:/opt/apache-maven-3.9.5/bin:/home/dyuthi/.local/bin:/usr/local/sbin:/usr/local/bin:/usr/sbin:/usr/bin:/sbin:/bin:/usr/games:/usr/local/games:/snap/bin:/snap/bin:/home/dyuthi/.local/share/JetBrains/Toolbox/scripts:/usr/local/MATLAB/R2022b/bin
USERNAME=dyuthi
SHELL=/bin/bash
DISPLAY=:0
LANG=en_IN
TERM=xterm-256color

Active Locale:
LC_ALL=en_IN
LC_COLLATE=en_IN
LC_CTYPE=en_IN
LC_MESSAGES=en_IN
LC_MONETARY=en_IN
LC_NUMERIC=en_IN
LC_TIME=en_IN

Signal Handlers:
   SIGSEGV: crash_handler in libjvm.so, mask=11100100010111111101111111111110, flags=SA_RESTART|SA_SIGINFO, unblocked
    SIGBUS: crash_handler in libjvm.so, mask=11100100010111111101111111111110, flags=SA_RESTART|SA_SIGINFO, unblocked
    SIGFPE: crash_handler in libjvm.so, mask=11100100010111111101111111111110, flags=SA_RESTART|SA_SIGINFO, unblocked
   SIGPIPE: javaSignalHandler in libjvm.so, mask=11100100010111111101111111111110, flags=SA_RESTART|SA_SIGINFO, blocked
   SIGXFSZ: javaSignalHandler in libjvm.so, mask=11100100010111111101111111111110, flags=SA_RESTART|SA_SIGINFO, blocked
    SIGILL: crash_handler in libjvm.so, mask=11100100010111111101111111111110, flags=SA_RESTART|SA_SIGINFO, unblocked
   SIGUSR2: SR_handler in libjvm.so, mask=00000000000000000000000000000000, flags=SA_RESTART|SA_SIGINFO, blocked
    SIGHUP: UserHandler in libjvm.so, mask=11100100010111111101111111111110, flags=SA_RESTART|SA_SIGINFO, blocked
    SIGINT: UserHandler in libjvm.so, mask=11100100010111111101111111111110, flags=SA_RESTART|SA_SIGINFO, blocked
   SIGTERM: UserHandler in libjvm.so, mask=11100100010111111101111111111110, flags=SA_RESTART|SA_SIGINFO, blocked
   SIGQUIT: UserHandler in libjvm.so, mask=11100100010111111101111111111110, flags=SA_RESTART|SA_SIGINFO, blocked
   SIGTRAP: crash_handler in libjvm.so, mask=11100100010111111101111111111110, flags=SA_RESTART|SA_SIGINFO, unblocked


Periodic native trim disabled


---------------  S Y S T E M  ---------------

OS:
DISTRIB_ID=Ubuntu
DISTRIB_RELEASE=23.10
DISTRIB_CODENAME=mantic
DISTRIB_DESCRIPTION="Ubuntu 23.10"
uname: Linux 6.5.0-14-generic #14-Ubuntu SMP PREEMPT_DYNAMIC Tue Nov 14 14:59:49 UTC 2023 x86_64
OS uptime: 2 days 2:55 hours
libc: glibc 2.38 NPTL 2.38 
rlimit (soft/hard): STACK 8192k/infinity , CORE 0k/infinity , NPROC 62881/62881 , NOFILE 1048576/1048576 , AS infinity/infinity , CPU infinity/infinity , DATA infinity/infinity , FSIZE infinity/infinity , MEMLOCK 2020096k/2020096k
load average: 0.92 0.72 0.61

/proc/meminfo:
MemTotal:       16160784 kB
MemFree:          884232 kB
MemAvailable:    9559544 kB
Buffers:          869348 kB
Cached:          7551976 kB
SwapCached:            8 kB
Active:          7819800 kB
Inactive:        4769052 kB
Active(anon):    4742184 kB
Inactive(anon):   357448 kB
Active(file):    3077616 kB
Inactive(file):  4411604 kB
Unevictable:      561932 kB
Mlocked:              80 kB
SwapTotal:      31250428 kB
SwapFree:       31250172 kB
Zswap:                 0 kB
Zswapped:              0 kB
Dirty:             20896 kB
Writeback:             0 kB
AnonPages:       4720380 kB
Mapped:          1198728 kB
Shmem:            939524 kB
KReclaimable:    1563520 kB
Slab:            1898236 kB
SReclaimable:    1563520 kB
SUnreclaim:       334716 kB
KernelStack:       21456 kB
PageTables:        65404 kB
SecPageTables:         0 kB
NFS_Unstable:          0 kB
Bounce:                0 kB
WritebackTmp:          0 kB
CommitLimit:    39330820 kB
Committed_AS:   17201124 kB
VmallocTotal:   34359738367 kB
VmallocUsed:       65652 kB
VmallocChunk:          0 kB
Percpu:             8064 kB
HardwareCorrupted:     0 kB
AnonHugePages:      8192 kB
ShmemHugePages:   622592 kB
ShmemPmdMapped:        0 kB
FileHugePages:         0 kB
FilePmdMapped:         0 kB
Unaccepted:            0 kB
HugePages_Total:       0
HugePages_Free:        0
HugePages_Rsvd:        0
HugePages_Surp:        0
Hugepagesize:       2048 kB
Hugetlb:               0 kB
DirectMap4k:      206528 kB
DirectMap2M:     4831232 kB
DirectMap1G:    11534336 kB

/sys/kernel/mm/transparent_hugepage/enabled: always [madvise] never
/sys/kernel/mm/transparent_hugepage/defrag (defrag/compaction efforts parameter): always defer defer+madvise [madvise] never

Process Memory:
Virtual Size: 8711020K (peak: 8773840K)
Resident Set Size: 210732K (peak: 273808K) (anon: 186512K, file: 24220K, shmem: 0K)
Swapped out: 0K
C-Heap outstanding allocations: 67292K, retained: 35319K
glibc malloc tunables: (default)

/proc/sys/kernel/threads-max (system-wide limit on the number of threads): 125762
/proc/sys/vm/max_map_count (maximum number of memory map areas a process may have): 65530
/proc/sys/kernel/pid_max (system-wide limit on number of process identifiers): 4194304

container (cgroup) information:
container_type: cgroupv2
cpu_cpuset_cpus: not supported
cpu_memory_nodes: not supported
active_processor_count: 8
cpu_quota: not supported
cpu_period: not supported
cpu_shares: not supported
memory_limit_in_bytes: unlimited
memory_and_swap_limit_in_bytes: unlimited
memory_soft_limit_in_bytes: unlimited
memory_usage_in_bytes: 220004 k
memory_max_usage_in_bytes: not supported
memory_swap_current_in_bytes: unlimited
memory_swap_max_limit_in_bytes: unlimited
maximum number of tasks: 18864
current number of tasks: 46

Steal ticks since vm start: 0
Steal ticks percentage since vm start:  0.000

CPU: total 8 (initial active 8) (4 cores per cpu, 2 threads per core) family 6 model 140 stepping 1 microcode 0xb4, cx8, cmov, fxsr, ht, mmx, 3dnowpref, sse, sse2, sse3, ssse3, sse4.1, sse4.2, popcnt, lzcnt, tsc, tscinvbit, avx, avx2, aes, erms, clmul, bmi1, bmi2, adx, avx512f, avx512dq, avx512cd, avx512bw, avx512vl, sha, fma, vzeroupper, avx512_vpopcntdq, avx512_vpclmulqdq, avx512_vaes, avx512_vnni, clflush, clflushopt, clwb, avx512_vbmi2, avx512_vbmi
CPU Model and flags from /proc/cpuinfo:
model name	: 11th Gen Intel(R) Core(TM) i7-1165G7 @ 2.80GHz
flags		: fpu vme de pse tsc msr pae mce cx8 apic sep mtrr pge mca cmov pat pse36 clflush dts acpi mmx fxsr sse sse2 ss ht tm pbe syscall nx pdpe1gb rdtscp lm constant_tsc art arch_perfmon pebs bts rep_good nopl xtopology nonstop_tsc cpuid aperfmperf tsc_known_freq pni pclmulqdq dtes64 monitor ds_cpl vmx est tm2 ssse3 sdbg fma cx16 xtpr pdcm pcid sse4_1 sse4_2 x2apic movbe popcnt tsc_deadline_timer aes xsave avx f16c rdrand lahf_lm abm 3dnowprefetch cpuid_fault epb cat_l2 invpcid_single cdp_l2 ssbd ibrs ibpb stibp ibrs_enhanced tpr_shadow flexpriority ept vpid ept_ad fsgsbase tsc_adjust bmi1 avx2 smep bmi2 erms invpcid rdt_a avx512f avx512dq rdseed adx smap avx512ifma clflushopt clwb intel_pt avx512cd sha_ni avx512bw avx512vl xsaveopt xsavec xgetbv1 xsaves split_lock_detect dtherm ida arat pln pts hwp hwp_notify hwp_act_window hwp_epp hwp_pkg_req vnmi avx512vbmi umip pku ospke avx512_vbmi2 gfni vaes vpclmulqdq avx512_vnni avx512_bitalg avx512_vpopcntdq rdpid movdiri movdir64b fsrm avx512_vp2intersect md_clear ibt flush_l1d arch_capabilities

Online cpus: 0-7
Offline cpus: 
BIOS frequency limitation: <Not Available>
Frequency switch latency (ns): 0
Available cpu frequencies: <Not Available>
Current governor: powersave
Core performance/turbo boost: <Not Available>

Memory: 4k page, physical 16160784k(884232k free), swap 31250428k(31250172k free)
Page Sizes: 4k

vm_info: OpenJDK 64-Bit Server VM (17.0.9+9-Ubuntu-123.10) for linux-amd64 JRE (17.0.9+9-Ubuntu-123.10), built on Oct 19 2023 08:31:49 by "buildd" with gcc 13.2.0

END.
